TN:
SF:/Users/jacky.chan/Projects/Trio/src/helpers/ajax.js
FN:1,ajax
FN:16,(anonymous_2)
FNF:2
FNH:0
FNDA:0,ajax
FNDA:0,(anonymous_2)
DA:1,1
DA:2,0
DA:3,0
DA:5,0
DA:6,0
DA:9,0
DA:10,0
DA:12,0
DA:13,0
DA:16,0
DA:17,0
DA:18,0
DA:20,0
DA:24,0
DA:25,0
DA:27,0
DA:30,0
LF:17
LH:1
BRDA:5,1,0,0
BRDA:5,1,1,0
BRDA:17,2,0,0
BRDA:17,2,1,0
BRDA:17,3,0,0
BRDA:17,3,1,0
BRDA:24,4,0,0
BRDA:24,4,1,0
BRF:8
BRH:0
end_of_record
TN:
SF:/Users/jacky.chan/Projects/Trio/src/helpers/defaults.js
FN:1,defaults
FNF:1
FNH:0
FNDA:0,defaults
DA:1,1
DA:2,0
DA:4,0
DA:5,0
DA:6,0
DA:10,0
LF:6
LH:1
BRDA:2,1,0,0
BRDA:2,1,1,0
BRDA:5,2,0,0
BRDA:5,2,1,0
BRF:4
BRH:0
end_of_record
TN:
SF:/Users/jacky.chan/Projects/Trio/src/helpers/extend.js
FN:1,extend
FN:9,(anonymous_2)
FNF:2
FNH:1
FNDA:1,extend
FNDA:0,(anonymous_2)
DA:1,1
DA:2,1
DA:4,1
DA:5,0
DA:8,1
DA:9,1
DA:10,0
DA:11,0
DA:13,0
DA:16,1
DA:18,1
DA:19,5
DA:20,5
DA:24,1
DA:25,2
DA:26,2
DA:27,2
DA:28,2
DA:30,0
DA:35,1
DA:37,1
LF:21
LH:16
BRDA:4,1,0,0
BRDA:4,1,1,1
BRDA:19,2,0,5
BRDA:19,2,1,0
BRDA:25,3,0,2
BRDA:25,3,1,0
BRDA:27,4,0,2
BRDA:27,4,1,0
BRF:8
BRH:4
end_of_record
TN:
SF:/Users/jacky.chan/Projects/Trio/src/helpers/idGenerator.js
FN:1,idGenerator
FN:4,(anonymous_2)
FNF:2
FNH:2
FNDA:3,idGenerator
FNDA:4,(anonymous_2)
DA:1,1
DA:2,3
DA:4,3
DA:5,4
DA:6,4
DA:7,4
LF:6
LH:6
BRF:0
BRH:0
end_of_record
TN:
SF:/Users/jacky.chan/Projects/Trio/src/helpers/param.js
FN:1,param
FNF:1
FNH:0
FNDA:0,param
DA:1,1
DA:2,0
DA:3,0
DA:4,0
DA:5,0
DA:6,0
DA:8,0
DA:11,0
LF:8
LH:1
BRDA:4,1,0,0
BRDA:4,1,1,0
BRDA:5,2,0,0
BRDA:5,2,1,0
BRF:4
BRH:0
end_of_record
TN:
SF:/Users/jacky.chan/Projects/Trio/src/polyfills/webcomponents.js
FN:11,(anonymous_1)
FN:11,(anonymous_2)
FN:11,(anonymous_3)
FN:11,(anonymous_4)
FN:11,(anonymous_5)
FN:11,(anonymous_6)
FN:11,(anonymous_7)
FN:11,(anonymous_8)
FN:11,(anonymous_9)
FN:11,(anonymous_10)
FN:11,t
FN:11,n
FN:11,r
FN:11,o
FN:11,i
FN:11,a
FN:11,s
FN:11,c
FN:11,l
FN:11,u
FN:11,d
FN:11,p
FN:11,(anonymous_23)
FN:11,h
FN:11,(anonymous_25)
FN:11,f
FN:11,(anonymous_27)
FN:11,m
FN:11,w
FN:11,v
FN:11,g
FN:11,b
FN:11,y
FN:11,E
FN:11,t
FN:11,_
FN:11,S
FN:11,T
FN:11,M
FN:11,O
FN:11,L
FN:11,N
FN:11,C
FN:11,j
FN:11,D
FN:11,H
FN:11,(anonymous_47)
FN:11,x
FN:11,(anonymous_49)
FN:11,(anonymous_50)
FN:11,(anonymous_51)
FN:11,(anonymous_52)
FN:11,(anonymous_53)
FN:11,(anonymous_54)
FN:11,(anonymous_55)
FN:11,t
FN:11,n
FN:11,(anonymous_58)
FN:11,(anonymous_59)
FN:11,(anonymous_60)
FN:11,(anonymous_61)
FN:11,(anonymous_62)
FN:11,(anonymous_63)
FN:11,(anonymous_64)
FN:11,(anonymous_65)
FN:11,t
FN:11,n
FN:11,(anonymous_68)
FN:11,(anonymous_69)
FN:11,t
FN:11,n
FN:11,(anonymous_72)
FN:11,r
FN:11,o
FN:11,i
FN:11,a
FN:11,s
FN:11,c
FN:11,l
FN:11,(anonymous_80)
FN:11,(anonymous_81)
FN:11,(anonymous_82)
FN:11,(anonymous_83)
FN:11,(anonymous_84)
FN:11,(anonymous_85)
FN:11,(anonymous_86)
FN:11,t
FN:11,n
FN:11,r
FN:11,(anonymous_90)
FN:11,(anonymous_91)
FN:11,(anonymous_92)
FN:11,t
FN:11,n
FN:11,r
FN:11,o
FN:11,i
FN:11,a
FN:11,s
FN:11,c
FN:11,l
FN:11,u
FN:11,d
FN:11,p
FN:11,h
FN:11,f
FN:11,m
FN:11,w
FN:11,v
FN:11,g
FN:11,b
FN:11,y
FN:11,E
FN:11,_
FN:11,(anonymous_115)
FN:11,S
FN:11,(anonymous_117)
FN:11,T
FN:11,(anonymous_119)
FN:11,M
FN:11,O
FN:11,L
FN:11,N
FN:11,C
FN:11,j
FN:11,D
FN:11,H
FN:11,x
FN:11,R
FN:11,(anonymous_130)
FN:11,I
FN:11,(anonymous_132)
FN:11,(anonymous_133)
FN:11,(anonymous_134)
FN:11,(anonymous_135)
FN:11,(anonymous_136)
FN:11,(anonymous_137)
FN:11,(anonymous_138)
FN:11,(anonymous_139)
FN:11,(anonymous_140)
FN:11,(anonymous_141)
FN:11,(anonymous_142)
FN:11,(anonymous_143)
FN:11,(anonymous_144)
FN:11,(anonymous_145)
FN:11,(anonymous_146)
FN:11,(anonymous_147)
FN:11,(anonymous_148)
FN:11,(anonymous_149)
FN:11,(anonymous_150)
FN:11,(anonymous_151)
FN:11,(anonymous_152)
FN:11,(anonymous_153)
FN:11,(anonymous_154)
FN:11,t
FN:11,n
FN:11,r
FN:11,o
FN:11,i
FN:11,(anonymous_160)
FN:11,(anonymous_161)
FN:11,(anonymous_162)
FN:11,(anonymous_163)
FN:11,(anonymous_164)
FN:11,(anonymous_165)
FN:11,(anonymous_166)
FN:11,(anonymous_167)
FN:11,(anonymous_168)
FN:11,t
FN:11,n
FN:11,r
FN:11,o
FN:11,(anonymous_173)
FN:11,(anonymous_174)
FN:11,(anonymous_175)
FN:11,(anonymous_176)
FN:11,t
FN:11,n
FN:11,r
FN:11,o
FN:11,i
FN:11,a
FN:11,s
FN:11,c
FN:11,l
FN:11,u
FN:11,d
FN:11,p
FN:11,h
FN:11,f
FN:11,m
FN:11,w
FN:11,v
FN:11,g
FN:11,b
FN:11,y
FN:11,E
FN:11,_
FN:11,(anonymous_199)
FN:11,(anonymous_200)
FN:11,(anonymous_201)
FN:11,(anonymous_202)
FN:11,(anonymous_203)
FN:11,(anonymous_204)
FN:11,(anonymous_205)
FN:11,(anonymous_206)
FN:11,(anonymous_207)
FN:11,(anonymous_208)
FN:11,(anonymous_209)
FN:11,(anonymous_210)
FN:11,(anonymous_211)
FN:11,(anonymous_212)
FN:11,(anonymous_213)
FN:11,(anonymous_214)
FN:11,(anonymous_215)
FN:11,(anonymous_216)
FN:11,(anonymous_217)
FN:11,(anonymous_218)
FN:11,(anonymous_219)
FN:11,(anonymous_220)
FN:11,(anonymous_221)
FN:11,t
FN:11,n
FN:11,r
FN:11,o
FN:11,i
FN:11,a
FN:11,s
FN:11,c
FN:11,l
FN:11,u
FN:11,d
FN:11,p
FN:11,h
FN:11,f
FN:11,(anonymous_236)
FN:12,(anonymous_237)
FN:12,(anonymous_238)
FN:12,(anonymous_239)
FN:12,(anonymous_240)
FN:12,(anonymous_241)
FN:12,(anonymous_242)
FN:12,t
FN:12,n
FN:12,(anonymous_245)
FN:12,(anonymous_246)
FN:12,(anonymous_247)
FN:12,(anonymous_248)
FN:12,(anonymous_249)
FN:12,(anonymous_250)
FN:12,(anonymous_251)
FN:12,(anonymous_252)
FN:12,(anonymous_253)
FN:12,t
FN:12,(anonymous_255)
FN:12,(anonymous_256)
FN:12,(anonymous_257)
FN:12,(anonymous_258)
FN:12,(anonymous_259)
FN:12,(anonymous_260)
FN:12,(anonymous_261)
FN:12,t
FN:12,n
FN:12,(anonymous_264)
FN:12,(anonymous_265)
FN:12,t
FN:12,n
FN:12,r
FN:12,o
FN:12,(anonymous_270)
FN:12,(anonymous_271)
FN:12,(anonymous_272)
FN:12,(anonymous_273)
FN:12,t
FN:12,n
FN:12,r
FN:12,(anonymous_277)
FN:12,(anonymous_278)
FN:12,(anonymous_279)
FN:12,(anonymous_280)
FN:12,(anonymous_281)
FN:12,(anonymous_282)
FN:12,(anonymous_283)
FN:12,(anonymous_284)
FN:12,(anonymous_285)
FN:12,(anonymous_286)
FN:12,(anonymous_287)
FN:12,(anonymous_288)
FN:12,(anonymous_289)
FN:12,t
FN:12,n
FN:12,r
FN:12,o
FN:12,i
FN:12,a
FN:12,s
FN:12,c
FN:12,l
FN:12,u
FN:12,d
FN:12,(anonymous_301)
FN:12,p
FN:12,h
FN:12,(anonymous_304)
FN:12,f
FN:12,(anonymous_306)
FN:12,(anonymous_307)
FN:12,(anonymous_308)
FN:12,(anonymous_309)
FN:12,(anonymous_310)
FN:12,(anonymous_311)
FN:12,(anonymous_312)
FN:12,(anonymous_313)
FN:12,(anonymous_314)
FN:12,t
FN:12,(anonymous_316)
FN:12,(anonymous_317)
FN:12,t
FN:12,(anonymous_319)
FN:12,(anonymous_320)
FN:12,(anonymous_321)
FN:12,(anonymous_322)
FN:12,t
FN:12,(anonymous_324)
FN:12,(anonymous_325)
FN:12,t
FN:12,n
FN:12,(anonymous_328)
FN:12,t
FN:12,(anonymous_330)
FN:12,t
FN:12,n
FN:12,r
FN:12,(anonymous_334)
FN:12,(anonymous_335)
FN:12,t
FN:12,(anonymous_337)
FN:12,t
FN:12,n
FN:12,(anonymous_340)
FN:12,t
FN:12,n
FN:12,r
FN:12,(anonymous_344)
FN:12,(anonymous_345)
FN:12,(anonymous_346)
FN:12,(anonymous_347)
FN:12,t
FN:12,(anonymous_349)
FN:12,(anonymous_350)
FN:12,(anonymous_351)
FN:12,(anonymous_352)
FN:12,t
FN:12,(anonymous_354)
FN:12,(anonymous_355)
FN:12,(anonymous_356)
FN:12,(anonymous_357)
FN:12,(anonymous_358)
FN:12,(anonymous_359)
FN:12,(anonymous_360)
FN:12,(anonymous_361)
FN:12,(anonymous_362)
FN:12,(anonymous_363)
FN:12,(anonymous_364)
FN:12,t
FN:12,(anonymous_366)
FN:12,(anonymous_367)
FN:12,(anonymous_368)
FN:12,t
FN:12,(anonymous_370)
FN:12,(anonymous_371)
FN:12,(anonymous_372)
FN:12,t
FN:12,(anonymous_374)
FN:12,t
FN:12,(anonymous_376)
FN:12,(anonymous_377)
FN:12,t
FN:12,(anonymous_379)
FN:12,(anonymous_380)
FN:12,(anonymous_381)
FN:12,t
FN:12,(anonymous_383)
FN:12,(anonymous_384)
FN:12,(anonymous_385)
FN:12,(anonymous_386)
FN:12,(anonymous_387)
FN:12,(anonymous_388)
FN:12,(anonymous_389)
FN:12,(anonymous_390)
FN:12,(anonymous_391)
FN:12,t
FN:12,(anonymous_393)
FN:12,(anonymous_394)
FN:12,(anonymous_395)
FN:12,(anonymous_396)
FN:12,t
FN:12,(anonymous_398)
FN:12,(anonymous_399)
FN:12,(anonymous_400)
FN:12,(anonymous_401)
FN:12,t
FN:12,(anonymous_403)
FN:12,t
FN:12,(anonymous_405)
FN:12,(anonymous_406)
FN:12,(anonymous_407)
FN:12,(anonymous_408)
FN:12,(anonymous_409)
FN:12,(anonymous_410)
FN:12,(anonymous_411)
FN:12,t
FN:12,n
FN:12,r
FN:12,o
FN:12,(anonymous_416)
FN:12,(anonymous_417)
FN:12,(anonymous_418)
FN:12,(anonymous_419)
FN:12,(anonymous_420)
FN:12,(anonymous_421)
FN:12,(anonymous_422)
FN:12,(anonymous_423)
FN:12,(anonymous_424)
FN:12,(anonymous_425)
FN:12,(anonymous_426)
FN:12,(anonymous_427)
FN:12,(anonymous_428)
FN:12,(anonymous_429)
FN:12,(anonymous_430)
FN:12,(anonymous_431)
FN:12,(anonymous_432)
FN:12,(anonymous_433)
FN:12,(anonymous_434)
FN:12,(anonymous_435)
FN:12,(anonymous_436)
FN:12,(anonymous_437)
FN:12,(anonymous_438)
FN:12,t
FN:12,n
FN:12,r
FN:12,o
FN:12,i
FN:12,a
FN:12,s
FN:12,c
FN:12,l
FN:12,u
FN:12,d
FN:12,p
FN:12,h
FN:12,f
FN:12,m
FN:12,w
FN:12,v
FN:12,g
FN:12,b
FN:12,y
FN:12,E
FN:12,_
FN:12,S
FN:12,(anonymous_462)
FN:12,(anonymous_463)
FN:12,(anonymous_464)
FN:12,(anonymous_465)
FN:12,(anonymous_466)
FN:12,(anonymous_467)
FN:12,(anonymous_468)
FN:12,(anonymous_469)
FN:12,(anonymous_470)
FN:12,(anonymous_471)
FN:12,(anonymous_472)
FN:12,(anonymous_473)
FN:12,(anonymous_474)
FN:12,(anonymous_475)
FN:12,(anonymous_476)
FN:12,(anonymous_477)
FN:12,(anonymous_478)
FN:12,(anonymous_479)
FN:12,(anonymous_480)
FN:12,(anonymous_481)
FN:12,(anonymous_482)
FN:12,(anonymous_483)
FN:12,(anonymous_484)
FN:12,t
FN:12,(anonymous_486)
FN:12,(anonymous_487)
FN:12,(anonymous_488)
FN:12,t
FN:12,(anonymous_490)
FN:12,(anonymous_491)
FN:12,(anonymous_492)
FN:12,(anonymous_493)
FN:12,(anonymous_494)
FN:12,(anonymous_495)
FN:12,(anonymous_496)
FN:12,(anonymous_497)
FN:12,(anonymous_498)
FN:12,(anonymous_499)
FN:12,(anonymous_500)
FN:12,t
FN:12,(anonymous_502)
FN:12,(anonymous_503)
FN:12,(anonymous_504)
FN:12,(anonymous_505)
FN:12,(anonymous_506)
FN:12,(anonymous_507)
FN:12,(anonymous_508)
FN:12,(anonymous_509)
FN:12,(anonymous_510)
FN:12,(anonymous_511)
FN:12,(anonymous_512)
FN:12,t
FN:12,n
FN:12,(anonymous_515)
FN:12,r
FN:12,o
FN:12,i
FN:12,a
FN:12,s
FN:12,(anonymous_521)
FN:12,c
FN:12,(anonymous_523)
FN:13,(anonymous_524)
FN:13,(anonymous_525)
FN:13,(anonymous_526)
FN:13,(anonymous_527)
FN:13,(anonymous_528)
FN:13,(anonymous_529)
FN:13,(anonymous_530)
FN:13,(anonymous_531)
FN:13,(anonymous_532)
FN:13,r
FN:13,(anonymous_534)
FN:13,(anonymous_535)
FN:13,(anonymous_536)
FN:13,(anonymous_537)
FN:13,(anonymous_538)
FN:13,(anonymous_539)
FN:13,t
FN:13,(anonymous_541)
FN:13,(anonymous_542)
FN:13,(anonymous_543)
FN:13,(anonymous_544)
FN:13,(anonymous_545)
FN:13,(anonymous_546)
FN:13,(anonymous_547)
FN:13,(anonymous_548)
FN:13,(anonymous_549)
FN:13,(anonymous_550)
FN:13,(anonymous_551)
FN:13,(anonymous_552)
FN:13,t
FN:13,(anonymous_554)
FN:13,(anonymous_555)
FN:13,(anonymous_556)
FN:13,t
FN:13,(anonymous_558)
FN:13,(anonymous_559)
FN:13,t
FN:13,(anonymous_561)
FN:13,n
FN:13,r
FN:13,o
FN:13,i
FN:13,a
FN:13,(anonymous_567)
FN:13,s
FN:13,c
FN:13,l
FN:13,(anonymous_571)
FN:13,(anonymous_572)
FN:13,(anonymous_573)
FN:13,(anonymous_574)
FN:13,(anonymous_575)
FN:13,(anonymous_576)
FN:13,(anonymous_577)
FN:13,(anonymous_578)
FN:13,(anonymous_579)
FN:13,(anonymous_580)
FN:13,(anonymous_581)
FN:13,(anonymous_582)
FN:13,(anonymous_583)
FN:13,(anonymous_584)
FN:13,(anonymous_585)
FN:13,(anonymous_586)
FN:13,(anonymous_587)
FN:13,(anonymous_588)
FN:13,(anonymous_589)
FN:13,(anonymous_590)
FN:13,(anonymous_591)
FN:13,(anonymous_592)
FN:13,(anonymous_593)
FN:13,(anonymous_594)
FN:13,(anonymous_595)
FN:13,(anonymous_596)
FN:13,(anonymous_597)
FN:13,(anonymous_598)
FN:13,(anonymous_599)
FN:13,(anonymous_600)
FN:13,(anonymous_601)
FN:13,(anonymous_602)
FN:13,(anonymous_603)
FN:13,(anonymous_604)
FN:13,(anonymous_605)
FN:13,(anonymous_606)
FN:13,(anonymous_607)
FN:13,(anonymous_608)
FN:13,(anonymous_609)
FN:13,(anonymous_610)
FN:13,(anonymous_611)
FN:13,(anonymous_612)
FN:13,(anonymous_613)
FN:13,(anonymous_614)
FN:13,(anonymous_615)
FN:13,(anonymous_616)
FN:13,(anonymous_617)
FN:13,(anonymous_618)
FN:13,(anonymous_619)
FN:13,(anonymous_620)
FN:13,(anonymous_621)
FN:13,(anonymous_622)
FN:13,(anonymous_623)
FN:13,(anonymous_624)
FN:13,(anonymous_625)
FN:13,t
FN:13,n
FN:13,r
FN:13,o
FN:13,i
FN:13,a
FN:13,c
FN:13,s
FN:13,c
FN:13,(anonymous_635)
FN:13,(anonymous_636)
FN:13,(anonymous_637)
FN:13,(anonymous_638)
FN:13,(anonymous_639)
FN:13,(anonymous_640)
FN:13,(anonymous_641)
FN:13,(anonymous_642)
FN:13,(anonymous_643)
FN:13,(anonymous_644)
FN:13,(anonymous_645)
FN:13,(anonymous_646)
FN:13,(anonymous_647)
FN:13,(anonymous_648)
FN:13,(anonymous_649)
FN:13,(anonymous_650)
FN:13,(anonymous_651)
FN:13,(anonymous_652)
FN:13,(anonymous_653)
FN:13,(anonymous_654)
FN:13,(anonymous_655)
FN:13,t
FN:13,n
FN:13,r
FN:13,(anonymous_659)
FN:13,(anonymous_660)
FN:13,o
FN:13,(anonymous_662)
FN:13,(anonymous_663)
FN:13,i
FN:13,a
FN:13,s
FN:13,c
FN:13,l
FN:13,u
FN:13,d
FN:13,p
FN:13,h
FN:13,f
FN:13,(anonymous_674)
FN:13,(anonymous_675)
FN:13,(anonymous_676)
FN:13,(anonymous_677)
FN:13,(anonymous_678)
FN:13,(anonymous_679)
FN:13,(anonymous_680)
FN:13,(anonymous_681)
FN:13,(anonymous_682)
FN:13,(anonymous_683)
FN:13,(anonymous_684)
FN:13,(anonymous_685)
FN:13,(anonymous_686)
FN:13,(anonymous_687)
FN:13,(anonymous_688)
FN:13,(anonymous_689)
FN:13,(anonymous_690)
FN:13,(anonymous_691)
FN:13,(anonymous_692)
FN:13,(anonymous_693)
FN:13,t
FN:13,(anonymous_695)
FN:13,n
FN:13,r
FN:13,(anonymous_698)
FN:13,o
FN:13,i
FN:13,n
FN:13,r
FN:13,i
FN:13,a
FN:13,s
FN:13,c
FN:13,l
FN:13,(anonymous_708)
FN:13,(anonymous_709)
FN:13,(anonymous_710)
FN:13,(anonymous_711)
FN:13,(anonymous_712)
FN:13,(anonymous_713)
FN:13,(anonymous_714)
FN:13,(anonymous_715)
FN:13,(anonymous_716)
FN:13,(anonymous_717)
FN:13,(anonymous_718)
FN:13,(anonymous_719)
FN:13,(anonymous_720)
FN:13,(anonymous_721)
FN:13,(anonymous_722)
FN:14,(anonymous_723)
FN:14,(anonymous_724)
FN:14,(anonymous_725)
FN:14,(anonymous_726)
FN:14,(anonymous_727)
FN:14,(anonymous_728)
FN:14,(anonymous_729)
FN:14,(anonymous_730)
FN:14,(anonymous_731)
FN:14,(anonymous_732)
FN:14,(anonymous_733)
FN:14,(anonymous_734)
FN:14,(anonymous_735)
FN:14,(anonymous_736)
FN:14,(anonymous_737)
FN:14,(anonymous_738)
FN:14,(anonymous_739)
FN:14,(anonymous_740)
FN:14,(anonymous_741)
FN:14,(anonymous_742)
FN:14,(anonymous_743)
FN:14,(anonymous_744)
FN:14,(anonymous_745)
FN:14,t
FN:14,n
FN:14,r
FN:14,o
FN:14,i
FN:14,(anonymous_751)
FN:14,(anonymous_752)
FN:14,(anonymous_753)
FN:14,(anonymous_754)
FN:14,(anonymous_755)
FN:14,(anonymous_756)
FN:14,(anonymous_757)
FN:14,(anonymous_758)
FN:14,(anonymous_759)
FN:14,(anonymous_760)
FN:14,(anonymous_761)
FN:14,(anonymous_762)
FN:14,(anonymous_763)
FN:14,(anonymous_764)
FN:14,(anonymous_765)
FN:14,(anonymous_766)
FN:14,(anonymous_767)
FN:14,(anonymous_768)
FN:14,(anonymous_769)
FN:14,(anonymous_770)
FN:14,(anonymous_771)
FN:14,(anonymous_772)
FN:14,(anonymous_773)
FN:14,(anonymous_774)
FN:14,(anonymous_775)
FN:14,t
FN:14,n
FN:14,r
FN:14,o
FN:14,(anonymous_780)
FN:14,(anonymous_781)
FN:14,(anonymous_782)
FN:14,(anonymous_783)
FN:14,(anonymous_784)
FN:14,(anonymous_785)
FN:14,(anonymous_786)
FN:14,(anonymous_787)
FN:14,(anonymous_788)
FN:14,(anonymous_789)
FN:14,(anonymous_790)
FN:14,(anonymous_791)
FN:14,(anonymous_792)
FN:14,t
FN:14,(anonymous_794)
FN:14,(anonymous_795)
FN:14,(anonymous_796)
FN:14,(anonymous_797)
FN:14,(anonymous_798)
FN:14,(anonymous_799)
FN:14,(anonymous_800)
FN:14,(anonymous_801)
FN:14,t
FN:14,(anonymous_803)
FN:14,n
FN:14,r
FN:14,o
FN:14,i
FN:14,(anonymous_808)
FN:14,t
FN:14,n
FN:14,r
FN:14,(anonymous_812)
FN:14,o
FN:14,i
FN:14,a
FN:14,(anonymous_816)
FN:14,s
FN:14,c
FN:14,(anonymous_819)
FN:14,l
FN:14,(anonymous_821)
FN:14,u
FN:14,d
FN:14,p
FN:14,h
FN:14,(anonymous_826)
FN:14,(anonymous_827)
FN:14,(anonymous_828)
FN:14,f
FN:14,m
FN:14,w
FN:14,v
FN:14,(anonymous_833)
FN:14,(anonymous_834)
FN:14,t
FN:14,n
FN:14,r
FN:14,o
FN:14,i
FN:14,(anonymous_840)
FN:14,t
FN:14,n
FN:14,(anonymous_843)
FN:14,(anonymous_844)
FN:14,r
FN:14,o
FN:14,i
FN:14,a
FN:14,s
FN:14,c
FN:14,l
FN:14,u
FN:14,d
FN:14,(anonymous_854)
FN:14,p
FN:14,h
FN:14,f
FN:14,(anonymous_858)
FN:14,(anonymous_859)
FN:14,(anonymous_860)
FN:14,(anonymous_861)
FN:14,(anonymous_862)
FN:14,(anonymous_863)
FN:14,t
FN:14,(anonymous_865)
FN:14,(anonymous_866)
FN:14,(anonymous_867)
FN:14,(anonymous_868)
FN:14,(anonymous_869)
FN:14,(anonymous_870)
FN:14,(anonymous_871)
FN:14,(anonymous_872)
FN:14,(anonymous_873)
FN:14,(anonymous_874)
FN:14,(anonymous_875)
FN:14,(anonymous_876)
FN:14,(anonymous_877)
FN:14,(anonymous_878)
FN:14,(anonymous_879)
FN:14,(anonymous_880)
FN:14,(anonymous_881)
FN:14,(anonymous_882)
FN:14,(anonymous_883)
FN:14,(anonymous_884)
FN:14,(anonymous_885)
FN:14,(anonymous_886)
FN:14,(anonymous_887)
FNF:887
FNH:378
FNDA:1,(anonymous_1)
FNDA:1,(anonymous_2)
FNDA:0,(anonymous_3)
FNDA:1,(anonymous_4)
FNDA:28,(anonymous_5)
FNDA:268,(anonymous_6)
FNDA:559,(anonymous_7)
FNDA:8,(anonymous_8)
FNDA:0,(anonymous_9)
FNDA:1,(anonymous_10)
FNDA:1,t
FNDA:1323,n
FNDA:60,r
FNDA:42,o
FNDA:1,i
FNDA:87,a
FNDA:257,s
FNDA:87,c
FNDA:80,l
FNDA:1252,u
FNDA:2097,d
FNDA:1068,p
FNDA:0,(anonymous_23)
FNDA:798,h
FNDA:0,(anonymous_25)
FNDA:231,f
FNDA:0,(anonymous_27)
FNDA:1536,m
FNDA:167,w
FNDA:42,v
FNDA:87,g
FNDA:0,b
FNDA:1,y
FNDA:45,E
FNDA:128,t
FNDA:1098,_
FNDA:834,S
FNDA:1685,T
FNDA:122,M
FNDA:1938,O
FNDA:216,L
FNDA:0,N
FNDA:136,C
FNDA:4,j
FNDA:14,D
FNDA:4,H
FNDA:104,(anonymous_47)
FNDA:5,x
FNDA:12,(anonymous_49)
FNDA:76,(anonymous_50)
FNDA:119,(anonymous_51)
FNDA:0,(anonymous_52)
FNDA:0,(anonymous_53)
FNDA:1,(anonymous_54)
FNDA:1,(anonymous_55)
FNDA:3,t
FNDA:1,n
FNDA:0,(anonymous_58)
FNDA:0,(anonymous_59)
FNDA:12,(anonymous_60)
FNDA:12,(anonymous_61)
FNDA:12,(anonymous_62)
FNDA:12,(anonymous_63)
FNDA:0,(anonymous_64)
FNDA:1,(anonymous_65)
FNDA:0,t
FNDA:1,n
FNDA:1,(anonymous_68)
FNDA:1,(anonymous_69)
FNDA:14,t
FNDA:0,n
FNDA:0,(anonymous_72)
FNDA:14,r
FNDA:4,o
FNDA:0,i
FNDA:88,a
FNDA:6,s
FNDA:6,c
FNDA:6,l
FNDA:6,(anonymous_80)
FNDA:0,(anonymous_81)
FNDA:0,(anonymous_82)
FNDA:0,(anonymous_83)
FNDA:0,(anonymous_84)
FNDA:0,(anonymous_85)
FNDA:1,(anonymous_86)
FNDA:40,t
FNDA:91,n
FNDA:136,r
FNDA:7,(anonymous_90)
FNDA:0,(anonymous_91)
FNDA:1,(anonymous_92)
FNDA:10,t
FNDA:0,n
FNDA:4,r
FNDA:1,o
FNDA:0,i
FNDA:10,a
FNDA:14,s
FNDA:28,c
FNDA:14,l
FNDA:0,u
FNDA:1,d
FNDA:5,p
FNDA:8,h
FNDA:4,f
FNDA:4,m
FNDA:4,w
FNDA:4,v
FNDA:24,g
FNDA:7,b
FNDA:2,y
FNDA:0,E
FNDA:4,_
FNDA:2,(anonymous_115)
FNDA:2,S
FNDA:0,(anonymous_117)
FNDA:0,T
FNDA:0,(anonymous_119)
FNDA:0,M
FNDA:7,O
FNDA:7,L
FNDA:212,N
FNDA:9,C
FNDA:1,j
FNDA:1,D
FNDA:1,H
FNDA:0,x
FNDA:184,R
FNDA:0,(anonymous_130)
FNDA:184,I
FNDA:0,(anonymous_132)
FNDA:0,(anonymous_133)
FNDA:7,(anonymous_134)
FNDA:37,(anonymous_135)
FNDA:2,(anonymous_136)
FNDA:0,(anonymous_137)
FNDA:0,(anonymous_138)
FNDA:0,(anonymous_139)
FNDA:0,(anonymous_140)
FNDA:0,(anonymous_141)
FNDA:0,(anonymous_142)
FNDA:0,(anonymous_143)
FNDA:1,(anonymous_144)
FNDA:5,(anonymous_145)
FNDA:0,(anonymous_146)
FNDA:0,(anonymous_147)
FNDA:2,(anonymous_148)
FNDA:6,(anonymous_149)
FNDA:7,(anonymous_150)
FNDA:2,(anonymous_151)
FNDA:1,(anonymous_152)
FNDA:1,(anonymous_153)
FNDA:1,(anonymous_154)
FNDA:0,t
FNDA:0,n
FNDA:0,r
FNDA:0,o
FNDA:0,i
FNDA:0,(anonymous_160)
FNDA:11,(anonymous_161)
FNDA:0,(anonymous_162)
FNDA:0,(anonymous_163)
FNDA:0,(anonymous_164)
FNDA:0,(anonymous_165)
FNDA:0,(anonymous_166)
FNDA:0,(anonymous_167)
FNDA:1,(anonymous_168)
FNDA:89,t
FNDA:88,n
FNDA:0,r
FNDA:0,o
FNDA:0,(anonymous_173)
FNDA:0,(anonymous_174)
FNDA:1,(anonymous_175)
FNDA:1,(anonymous_176)
FNDA:54,t
FNDA:41,n
FNDA:0,r
FNDA:9,o
FNDA:8,i
FNDA:42,a
FNDA:9,s
FNDA:2,c
FNDA:53,l
FNDA:51,u
FNDA:0,d
FNDA:1,p
FNDA:42,h
FNDA:8,f
FNDA:8,m
FNDA:47,w
FNDA:0,v
FNDA:42,g
FNDA:0,b
FNDA:16,y
FNDA:0,E
FNDA:211,_
FNDA:0,(anonymous_199)
FNDA:4,(anonymous_200)
FNDA:48,(anonymous_201)
FNDA:50,(anonymous_202)
FNDA:4,(anonymous_203)
FNDA:0,(anonymous_204)
FNDA:91,(anonymous_205)
FNDA:0,(anonymous_206)
FNDA:282,(anonymous_207)
FNDA:605,(anonymous_208)
FNDA:66,(anonymous_209)
FNDA:466,(anonymous_210)
FNDA:27,(anonymous_211)
FNDA:0,(anonymous_212)
FNDA:0,(anonymous_213)
FNDA:1,(anonymous_214)
FNDA:3,(anonymous_215)
FNDA:8,(anonymous_216)
FNDA:0,(anonymous_217)
FNDA:0,(anonymous_218)
FNDA:0,(anonymous_219)
FNDA:0,(anonymous_220)
FNDA:1,(anonymous_221)
FNDA:7,t
FNDA:13,n
FNDA:8,r
FNDA:8,o
FNDA:0,i
FNDA:0,a
FNDA:0,s
FNDA:0,c
FNDA:0,l
FNDA:0,u
FNDA:0,d
FNDA:7,p
FNDA:0,h
FNDA:0,f
FNDA:6,(anonymous_236)
FNDA:7,(anonymous_237)
FNDA:8,(anonymous_238)
FNDA:0,(anonymous_239)
FNDA:0,(anonymous_240)
FNDA:0,(anonymous_241)
FNDA:1,(anonymous_242)
FNDA:295,t
FNDA:0,n
FNDA:162,(anonymous_245)
FNDA:0,(anonymous_246)
FNDA:0,(anonymous_247)
FNDA:0,(anonymous_248)
FNDA:0,(anonymous_249)
FNDA:133,(anonymous_250)
FNDA:0,(anonymous_251)
FNDA:0,(anonymous_252)
FNDA:1,(anonymous_253)
FNDA:43,t
FNDA:0,(anonymous_255)
FNDA:0,(anonymous_256)
FNDA:0,(anonymous_257)
FNDA:0,(anonymous_258)
FNDA:1,(anonymous_259)
FNDA:0,(anonymous_260)
FNDA:1,(anonymous_261)
FNDA:0,t
FNDA:40,n
FNDA:0,(anonymous_264)
FNDA:1,(anonymous_265)
FNDA:0,t
FNDA:0,n
FNDA:0,r
FNDA:0,o
FNDA:0,(anonymous_270)
FNDA:0,(anonymous_271)
FNDA:0,(anonymous_272)
FNDA:1,(anonymous_273)
FNDA:28,t
FNDA:28,n
FNDA:145,r
FNDA:4,(anonymous_277)
FNDA:4,(anonymous_278)
FNDA:302,(anonymous_279)
FNDA:28,(anonymous_280)
FNDA:0,(anonymous_281)
FNDA:0,(anonymous_282)
FNDA:20,(anonymous_283)
FNDA:24,(anonymous_284)
FNDA:0,(anonymous_285)
FNDA:1,(anonymous_286)
FNDA:1,(anonymous_287)
FNDA:0,(anonymous_288)
FNDA:1,(anonymous_289)
FNDA:0,t
FNDA:16,n
FNDA:0,r
FNDA:2,o
FNDA:1,i
FNDA:20,a
FNDA:23,s
FNDA:0,c
FNDA:144,l
FNDA:0,u
FNDA:12,d
FNDA:0,(anonymous_301)
FNDA:10,p
FNDA:2,h
FNDA:0,(anonymous_304)
FNDA:3,f
FNDA:0,(anonymous_306)
FNDA:5,(anonymous_307)
FNDA:0,(anonymous_308)
FNDA:4,(anonymous_309)
FNDA:0,(anonymous_310)
FNDA:0,(anonymous_311)
FNDA:0,(anonymous_312)
FNDA:0,(anonymous_313)
FNDA:1,(anonymous_314)
FNDA:1,t
FNDA:0,(anonymous_316)
FNDA:1,(anonymous_317)
FNDA:0,t
FNDA:0,(anonymous_319)
FNDA:0,(anonymous_320)
FNDA:0,(anonymous_321)
FNDA:1,(anonymous_322)
FNDA:1,t
FNDA:0,(anonymous_324)
FNDA:1,(anonymous_325)
FNDA:1,t
FNDA:0,n
FNDA:1,(anonymous_328)
FNDA:0,t
FNDA:1,(anonymous_330)
FNDA:0,t
FNDA:0,n
FNDA:0,r
FNDA:0,(anonymous_334)
FNDA:1,(anonymous_335)
FNDA:0,t
FNDA:1,(anonymous_337)
FNDA:0,t
FNDA:0,n
FNDA:1,(anonymous_340)
FNDA:0,t
FNDA:1,n
FNDA:0,r
FNDA:0,(anonymous_344)
FNDA:0,(anonymous_345)
FNDA:0,(anonymous_346)
FNDA:1,(anonymous_347)
FNDA:1,t
FNDA:0,(anonymous_349)
FNDA:0,(anonymous_350)
FNDA:0,(anonymous_351)
FNDA:1,(anonymous_352)
FNDA:1,t
FNDA:0,(anonymous_354)
FNDA:0,(anonymous_355)
FNDA:0,(anonymous_356)
FNDA:0,(anonymous_357)
FNDA:0,(anonymous_358)
FNDA:0,(anonymous_359)
FNDA:0,(anonymous_360)
FNDA:0,(anonymous_361)
FNDA:0,(anonymous_362)
FNDA:0,(anonymous_363)
FNDA:1,(anonymous_364)
FNDA:2,t
FNDA:0,(anonymous_366)
FNDA:0,(anonymous_367)
FNDA:1,(anonymous_368)
FNDA:1,t
FNDA:0,(anonymous_370)
FNDA:0,(anonymous_371)
FNDA:1,(anonymous_372)
FNDA:4,t
FNDA:1,(anonymous_374)
FNDA:1,t
FNDA:0,(anonymous_376)
FNDA:1,(anonymous_377)
FNDA:0,t
FNDA:0,(anonymous_379)
FNDA:0,(anonymous_380)
FNDA:1,(anonymous_381)
FNDA:0,t
FNDA:0,(anonymous_383)
FNDA:0,(anonymous_384)
FNDA:0,(anonymous_385)
FNDA:0,(anonymous_386)
FNDA:0,(anonymous_387)
FNDA:0,(anonymous_388)
FNDA:0,(anonymous_389)
FNDA:0,(anonymous_390)
FNDA:1,(anonymous_391)
FNDA:0,t
FNDA:0,(anonymous_393)
FNDA:0,(anonymous_394)
FNDA:0,(anonymous_395)
FNDA:1,(anonymous_396)
FNDA:0,t
FNDA:0,(anonymous_398)
FNDA:0,(anonymous_399)
FNDA:0,(anonymous_400)
FNDA:1,(anonymous_401)
FNDA:21,t
FNDA:1,(anonymous_403)
FNDA:4,t
FNDA:0,(anonymous_405)
FNDA:0,(anonymous_406)
FNDA:19,(anonymous_407)
FNDA:1,(anonymous_408)
FNDA:8,(anonymous_409)
FNDA:0,(anonymous_410)
FNDA:1,(anonymous_411)
FNDA:0,t
FNDA:0,n
FNDA:0,r
FNDA:0,o
FNDA:0,(anonymous_416)
FNDA:0,(anonymous_417)
FNDA:0,(anonymous_418)
FNDA:0,(anonymous_419)
FNDA:0,(anonymous_420)
FNDA:0,(anonymous_421)
FNDA:0,(anonymous_422)
FNDA:0,(anonymous_423)
FNDA:0,(anonymous_424)
FNDA:0,(anonymous_425)
FNDA:0,(anonymous_426)
FNDA:0,(anonymous_427)
FNDA:0,(anonymous_428)
FNDA:0,(anonymous_429)
FNDA:0,(anonymous_430)
FNDA:0,(anonymous_431)
FNDA:0,(anonymous_432)
FNDA:0,(anonymous_433)
FNDA:0,(anonymous_434)
FNDA:0,(anonymous_435)
FNDA:0,(anonymous_436)
FNDA:0,(anonymous_437)
FNDA:1,(anonymous_438)
FNDA:12,t
FNDA:6,n
FNDA:6,r
FNDA:0,o
FNDA:0,i
FNDA:12,a
FNDA:5,s
FNDA:0,c
FNDA:7,l
FNDA:0,u
FNDA:0,d
FNDA:12,p
FNDA:4,h
FNDA:3,f
FNDA:12,m
FNDA:0,w
FNDA:10,v
FNDA:12,g
FNDA:0,b
FNDA:0,y
FNDA:21,E
FNDA:27,_
FNDA:3,S
FNDA:3,(anonymous_462)
FNDA:9,(anonymous_463)
FNDA:12,(anonymous_464)
FNDA:3,(anonymous_465)
FNDA:7,(anonymous_466)
FNDA:12,(anonymous_467)
FNDA:3,(anonymous_468)
FNDA:12,(anonymous_469)
FNDA:15,(anonymous_470)
FNDA:15,(anonymous_471)
FNDA:12,(anonymous_472)
FNDA:12,(anonymous_473)
FNDA:12,(anonymous_474)
FNDA:7,(anonymous_475)
FNDA:0,(anonymous_476)
FNDA:0,(anonymous_477)
FNDA:0,(anonymous_478)
FNDA:4,(anonymous_479)
FNDA:55,(anonymous_480)
FNDA:0,(anonymous_481)
FNDA:0,(anonymous_482)
FNDA:0,(anonymous_483)
FNDA:1,(anonymous_484)
FNDA:9,t
FNDA:10,(anonymous_486)
FNDA:0,(anonymous_487)
FNDA:1,(anonymous_488)
FNDA:0,t
FNDA:0,(anonymous_490)
FNDA:0,(anonymous_491)
FNDA:0,(anonymous_492)
FNDA:0,(anonymous_493)
FNDA:0,(anonymous_494)
FNDA:0,(anonymous_495)
FNDA:0,(anonymous_496)
FNDA:0,(anonymous_497)
FNDA:0,(anonymous_498)
FNDA:0,(anonymous_499)
FNDA:1,(anonymous_500)
FNDA:0,t
FNDA:0,(anonymous_502)
FNDA:0,(anonymous_503)
FNDA:0,(anonymous_504)
FNDA:0,(anonymous_505)
FNDA:0,(anonymous_506)
FNDA:0,(anonymous_507)
FNDA:0,(anonymous_508)
FNDA:0,(anonymous_509)
FNDA:0,(anonymous_510)
FNDA:0,(anonymous_511)
FNDA:1,(anonymous_512)
FNDA:1,t
FNDA:8,n
FNDA:114,(anonymous_515)
FNDA:0,r
FNDA:0,o
FNDA:0,i
FNDA:0,a
FNDA:2,s
FNDA:0,(anonymous_521)
FNDA:1,c
FNDA:0,(anonymous_523)
FNDA:0,(anonymous_524)
FNDA:0,(anonymous_525)
FNDA:0,(anonymous_526)
FNDA:0,(anonymous_527)
FNDA:0,(anonymous_528)
FNDA:0,(anonymous_529)
FNDA:0,(anonymous_530)
FNDA:0,(anonymous_531)
FNDA:0,(anonymous_532)
FNDA:0,r
FNDA:0,(anonymous_534)
FNDA:0,(anonymous_535)
FNDA:0,(anonymous_536)
FNDA:4,(anonymous_537)
FNDA:0,(anonymous_538)
FNDA:1,(anonymous_539)
FNDA:1,t
FNDA:0,(anonymous_541)
FNDA:0,(anonymous_542)
FNDA:0,(anonymous_543)
FNDA:3,(anonymous_544)
FNDA:2,(anonymous_545)
FNDA:0,(anonymous_546)
FNDA:0,(anonymous_547)
FNDA:8,(anonymous_548)
FNDA:0,(anonymous_549)
FNDA:1,(anonymous_550)
FNDA:0,(anonymous_551)
FNDA:1,(anonymous_552)
FNDA:0,t
FNDA:1,(anonymous_554)
FNDA:0,(anonymous_555)
FNDA:1,(anonymous_556)
FNDA:68,t
FNDA:56,(anonymous_558)
FNDA:1,(anonymous_559)
FNDA:0,t
FNDA:0,(anonymous_561)
FNDA:0,n
FNDA:0,r
FNDA:0,o
FNDA:0,i
FNDA:0,a
FNDA:0,(anonymous_567)
FNDA:1,s
FNDA:0,c
FNDA:2,l
FNDA:0,(anonymous_571)
FNDA:0,(anonymous_572)
FNDA:0,(anonymous_573)
FNDA:0,(anonymous_574)
FNDA:0,(anonymous_575)
FNDA:0,(anonymous_576)
FNDA:0,(anonymous_577)
FNDA:0,(anonymous_578)
FNDA:0,(anonymous_579)
FNDA:0,(anonymous_580)
FNDA:0,(anonymous_581)
FNDA:0,(anonymous_582)
FNDA:0,(anonymous_583)
FNDA:0,(anonymous_584)
FNDA:0,(anonymous_585)
FNDA:0,(anonymous_586)
FNDA:0,(anonymous_587)
FNDA:0,(anonymous_588)
FNDA:0,(anonymous_589)
FNDA:0,(anonymous_590)
FNDA:0,(anonymous_591)
FNDA:0,(anonymous_592)
FNDA:0,(anonymous_593)
FNDA:0,(anonymous_594)
FNDA:0,(anonymous_595)
FNDA:0,(anonymous_596)
FNDA:0,(anonymous_597)
FNDA:0,(anonymous_598)
FNDA:0,(anonymous_599)
FNDA:0,(anonymous_600)
FNDA:0,(anonymous_601)
FNDA:0,(anonymous_602)
FNDA:0,(anonymous_603)
FNDA:0,(anonymous_604)
FNDA:0,(anonymous_605)
FNDA:0,(anonymous_606)
FNDA:0,(anonymous_607)
FNDA:0,(anonymous_608)
FNDA:0,(anonymous_609)
FNDA:0,(anonymous_610)
FNDA:0,(anonymous_611)
FNDA:0,(anonymous_612)
FNDA:0,(anonymous_613)
FNDA:0,(anonymous_614)
FNDA:0,(anonymous_615)
FNDA:0,(anonymous_616)
FNDA:0,(anonymous_617)
FNDA:0,(anonymous_618)
FNDA:0,(anonymous_619)
FNDA:1,(anonymous_620)
FNDA:0,(anonymous_621)
FNDA:0,(anonymous_622)
FNDA:1,(anonymous_623)
FNDA:0,(anonymous_624)
FNDA:1,(anonymous_625)
FNDA:0,t
FNDA:0,n
FNDA:0,r
FNDA:0,o
FNDA:0,i
FNDA:0,a
FNDA:0,c
FNDA:0,s
FNDA:0,c
FNDA:0,(anonymous_635)
FNDA:0,(anonymous_636)
FNDA:0,(anonymous_637)
FNDA:0,(anonymous_638)
FNDA:0,(anonymous_639)
FNDA:0,(anonymous_640)
FNDA:0,(anonymous_641)
FNDA:0,(anonymous_642)
FNDA:0,(anonymous_643)
FNDA:0,(anonymous_644)
FNDA:0,(anonymous_645)
FNDA:0,(anonymous_646)
FNDA:0,(anonymous_647)
FNDA:0,(anonymous_648)
FNDA:0,(anonymous_649)
FNDA:0,(anonymous_650)
FNDA:0,(anonymous_651)
FNDA:0,(anonymous_652)
FNDA:0,(anonymous_653)
FNDA:0,(anonymous_654)
FNDA:1,(anonymous_655)
FNDA:0,t
FNDA:0,n
FNDA:0,r
FNDA:0,(anonymous_659)
FNDA:0,(anonymous_660)
FNDA:0,o
FNDA:0,(anonymous_662)
FNDA:0,(anonymous_663)
FNDA:0,i
FNDA:0,a
FNDA:0,s
FNDA:0,c
FNDA:0,l
FNDA:0,u
FNDA:0,d
FNDA:0,p
FNDA:0,h
FNDA:0,f
FNDA:0,(anonymous_674)
FNDA:0,(anonymous_675)
FNDA:0,(anonymous_676)
FNDA:0,(anonymous_677)
FNDA:0,(anonymous_678)
FNDA:0,(anonymous_679)
FNDA:0,(anonymous_680)
FNDA:0,(anonymous_681)
FNDA:0,(anonymous_682)
FNDA:0,(anonymous_683)
FNDA:0,(anonymous_684)
FNDA:0,(anonymous_685)
FNDA:0,(anonymous_686)
FNDA:0,(anonymous_687)
FNDA:0,(anonymous_688)
FNDA:0,(anonymous_689)
FNDA:0,(anonymous_690)
FNDA:0,(anonymous_691)
FNDA:0,(anonymous_692)
FNDA:1,(anonymous_693)
FNDA:1,t
FNDA:1,(anonymous_695)
FNDA:2,n
FNDA:2,r
FNDA:1,(anonymous_698)
FNDA:0,o
FNDA:1,i
FNDA:1,n
FNDA:0,r
FNDA:0,i
FNDA:0,a
FNDA:0,s
FNDA:0,c
FNDA:0,l
FNDA:1,(anonymous_708)
FNDA:0,(anonymous_709)
FNDA:0,(anonymous_710)
FNDA:0,(anonymous_711)
FNDA:1,(anonymous_712)
FNDA:1,(anonymous_713)
FNDA:7,(anonymous_714)
FNDA:1,(anonymous_715)
FNDA:7,(anonymous_716)
FNDA:1,(anonymous_717)
FNDA:0,(anonymous_718)
FNDA:0,(anonymous_719)
FNDA:0,(anonymous_720)
FNDA:0,(anonymous_721)
FNDA:1,(anonymous_722)
FNDA:0,(anonymous_723)
FNDA:0,(anonymous_724)
FNDA:0,(anonymous_725)
FNDA:0,(anonymous_726)
FNDA:1,(anonymous_727)
FNDA:1,(anonymous_728)
FNDA:1,(anonymous_729)
FNDA:0,(anonymous_730)
FNDA:0,(anonymous_731)
FNDA:0,(anonymous_732)
FNDA:0,(anonymous_733)
FNDA:0,(anonymous_734)
FNDA:0,(anonymous_735)
FNDA:0,(anonymous_736)
FNDA:0,(anonymous_737)
FNDA:0,(anonymous_738)
FNDA:1,(anonymous_739)
FNDA:1,(anonymous_740)
FNDA:1,(anonymous_741)
FNDA:0,(anonymous_742)
FNDA:0,(anonymous_743)
FNDA:1,(anonymous_744)
FNDA:1,(anonymous_745)
FNDA:0,t
FNDA:0,n
FNDA:0,r
FNDA:0,o
FNDA:0,i
FNDA:2,(anonymous_751)
FNDA:0,(anonymous_752)
FNDA:0,(anonymous_753)
FNDA:0,(anonymous_754)
FNDA:0,(anonymous_755)
FNDA:0,(anonymous_756)
FNDA:0,(anonymous_757)
FNDA:0,(anonymous_758)
FNDA:0,(anonymous_759)
FNDA:0,(anonymous_760)
FNDA:0,(anonymous_761)
FNDA:0,(anonymous_762)
FNDA:0,(anonymous_763)
FNDA:0,(anonymous_764)
FNDA:0,(anonymous_765)
FNDA:0,(anonymous_766)
FNDA:0,(anonymous_767)
FNDA:2,(anonymous_768)
FNDA:2,(anonymous_769)
FNDA:2,(anonymous_770)
FNDA:2,(anonymous_771)
FNDA:0,(anonymous_772)
FNDA:0,(anonymous_773)
FNDA:0,(anonymous_774)
FNDA:1,(anonymous_775)
FNDA:0,t
FNDA:0,n
FNDA:0,r
FNDA:0,o
FNDA:0,(anonymous_780)
FNDA:1,(anonymous_781)
FNDA:1,(anonymous_782)
FNDA:1,(anonymous_783)
FNDA:0,(anonymous_784)
FNDA:1,(anonymous_785)
FNDA:1,(anonymous_786)
FNDA:0,(anonymous_787)
FNDA:1,(anonymous_788)
FNDA:0,(anonymous_789)
FNDA:0,(anonymous_790)
FNDA:0,(anonymous_791)
FNDA:1,(anonymous_792)
FNDA:1,t
FNDA:0,(anonymous_794)
FNDA:0,(anonymous_795)
FNDA:0,(anonymous_796)
FNDA:1,(anonymous_797)
FNDA:4,(anonymous_798)
FNDA:1,(anonymous_799)
FNDA:4,(anonymous_800)
FNDA:1,(anonymous_801)
FNDA:21,t
FNDA:133,(anonymous_803)
FNDA:154,n
FNDA:154,r
FNDA:3,o
FNDA:3,i
FNDA:1,(anonymous_808)
FNDA:11,t
FNDA:144,n
FNDA:15,r
FNDA:133,(anonymous_812)
FNDA:0,o
FNDA:0,i
FNDA:116,a
FNDA:0,(anonymous_816)
FNDA:116,s
FNDA:0,c
FNDA:0,(anonymous_819)
FNDA:0,l
FNDA:0,(anonymous_821)
FNDA:0,u
FNDA:0,d
FNDA:4,p
FNDA:0,h
FNDA:0,(anonymous_826)
FNDA:0,(anonymous_827)
FNDA:0,(anonymous_828)
FNDA:0,f
FNDA:7,m
FNDA:3,w
FNDA:3,v
FNDA:4,(anonymous_833)
FNDA:1,(anonymous_834)
FNDA:144,t
FNDA:4,n
FNDA:4,r
FNDA:0,o
FNDA:4,i
FNDA:1,(anonymous_840)
FNDA:2,t
FNDA:2,n
FNDA:0,(anonymous_843)
FNDA:0,(anonymous_844)
FNDA:0,r
FNDA:2,o
FNDA:2,i
FNDA:2,a
FNDA:2,s
FNDA:4,c
FNDA:312,l
FNDA:2,u
FNDA:2,d
FNDA:4,(anonymous_854)
FNDA:0,p
FNDA:38,h
FNDA:2,f
FNDA:8,(anonymous_858)
FNDA:0,(anonymous_859)
FNDA:0,(anonymous_860)
FNDA:0,(anonymous_861)
FNDA:0,(anonymous_862)
FNDA:1,(anonymous_863)
FNDA:1,t
FNDA:0,(anonymous_865)
FNDA:1,(anonymous_866)
FNDA:0,(anonymous_867)
FNDA:0,(anonymous_868)
FNDA:0,(anonymous_869)
FNDA:0,(anonymous_870)
FNDA:0,(anonymous_871)
FNDA:0,(anonymous_872)
FNDA:0,(anonymous_873)
FNDA:0,(anonymous_874)
FNDA:1,(anonymous_875)
FNDA:0,(anonymous_876)
FNDA:0,(anonymous_877)
FNDA:1,(anonymous_878)
FNDA:0,(anonymous_879)
FNDA:0,(anonymous_880)
FNDA:0,(anonymous_881)
FNDA:0,(anonymous_882)
FNDA:0,(anonymous_883)
FNDA:0,(anonymous_884)
FNDA:0,(anonymous_885)
FNDA:1,(anonymous_886)
FNDA:1,(anonymous_887)
DA:11,8547
DA:12,302
DA:13,68
DA:14,312
LF:4
LH:4
BRDA:11,1,0,1
BRDA:11,1,1,1
BRDA:11,2,0,1
BRDA:11,2,1,1
BRDA:11,3,0,1
BRDA:11,3,1,0
BRDA:11,4,0,1
BRDA:11,4,1,0
BRDA:11,5,0,1
BRDA:11,5,1,0
BRDA:11,5,2,0
BRDA:11,6,0,0
BRDA:11,6,1,0
BRDA:11,7,0,2
BRDA:11,7,1,1
BRDA:11,8,0,1
BRDA:11,8,1,0
BRDA:11,9,0,0
BRDA:11,9,1,1
BRDA:11,10,0,1
BRDA:11,10,1,0
BRDA:11,11,0,1
BRDA:11,11,1,1
BRDA:11,11,2,1
BRDA:11,12,0,0
BRDA:11,12,1,1
BRDA:11,13,0,1
BRDA:11,13,1,1
BRDA:11,14,0,1
BRDA:11,14,1,0
BRDA:11,15,0,0
BRDA:11,15,1,0
BRDA:11,16,0,1
BRDA:11,16,1,1
BRDA:11,17,0,1
BRDA:11,17,1,1
BRDA:11,18,0,33
BRDA:11,18,1,235
BRDA:11,19,0,268
BRDA:11,19,1,186
BRDA:11,20,0,282
BRDA:11,20,1,277
BRDA:11,21,0,559
BRDA:11,21,1,403
BRDA:11,22,0,8
BRDA:11,22,1,0
BRDA:11,23,0,8
BRDA:11,23,1,8
BRDA:11,24,0,0
BRDA:11,24,1,0
BRDA:11,25,0,0
BRDA:11,25,1,1
BRDA:11,26,0,1
BRDA:11,26,1,0
BRDA:11,26,2,0
BRDA:11,27,0,0
BRDA:11,27,1,1
BRDA:11,28,0,0
BRDA:11,28,1,1323
BRDA:11,29,0,0
BRDA:11,29,1,0
BRDA:11,29,2,42
BRDA:11,29,3,42
BRDA:11,29,4,84
BRDA:11,29,5,84
BRDA:11,30,0,1
BRDA:11,30,1,0
BRDA:11,31,0,257
BRDA:11,31,1,0
BRDA:11,32,0,0
BRDA:11,32,1,257
BRDA:11,33,0,213
BRDA:11,33,1,44
BRDA:11,34,0,1068
BRDA:11,34,1,0
BRDA:11,35,0,1068
BRDA:11,35,1,1068
BRDA:11,36,0,798
BRDA:11,36,1,0
BRDA:11,37,0,798
BRDA:11,37,1,798
BRDA:11,38,0,231
BRDA:11,38,1,0
BRDA:11,39,0,231
BRDA:11,39,1,231
BRDA:11,40,0,1536
BRDA:11,40,1,7011
BRDA:11,41,0,8547
BRDA:11,41,1,8546
BRDA:11,42,0,8546
BRDA:11,42,1,1542
BRDA:11,42,2,69
BRDA:11,43,0,1536
BRDA:11,43,1,0
BRDA:11,44,0,1252
BRDA:11,44,1,284
BRDA:11,45,0,184
BRDA:11,45,1,1068
BRDA:11,46,0,1252
BRDA:11,46,1,270
BRDA:11,46,2,270
BRDA:11,46,3,982
BRDA:11,47,0,184
BRDA:11,47,1,798
BRDA:11,48,0,1252
BRDA:11,48,1,1252
BRDA:11,49,0,284
BRDA:11,49,1,231
BRDA:11,50,0,42
BRDA:11,50,1,0
BRDA:11,51,0,87
BRDA:11,51,1,80
BRDA:11,52,0,1098
BRDA:11,52,1,1098
BRDA:11,53,0,855
BRDA:11,53,1,830
BRDA:11,54,0,618
BRDA:11,54,1,212
BRDA:11,55,0,0
BRDA:11,55,1,122
BRDA:11,56,0,0
BRDA:11,56,1,0
BRDA:11,57,0,0
BRDA:11,57,1,0
BRDA:11,58,0,126
BRDA:11,58,1,10
BRDA:11,59,0,136
BRDA:11,59,1,136
BRDA:11,60,0,4
BRDA:11,60,1,4
BRDA:11,61,0,4
BRDA:11,61,1,4
BRDA:11,62,0,1
BRDA:11,62,1,0
BRDA:11,62,2,0
BRDA:11,63,0,0
BRDA:11,63,1,0
BRDA:11,64,0,0
BRDA:11,64,1,0
BRDA:11,65,0,0
BRDA:11,65,1,0
BRDA:11,66,0,0
BRDA:11,66,1,0
BRDA:11,67,0,0
BRDA:11,67,1,0
BRDA:11,68,0,0
BRDA:11,68,1,0
BRDA:11,69,0,0
BRDA:11,69,1,0
BRDA:11,70,0,0
BRDA:11,70,1,0
BRDA:11,71,0,0
BRDA:11,71,1,0
BRDA:11,72,0,0
BRDA:11,72,1,0
BRDA:11,73,0,0
BRDA:11,73,1,0
BRDA:11,74,0,9
BRDA:11,74,1,3
BRDA:11,75,0,12
BRDA:11,75,1,12
BRDA:11,75,2,12
BRDA:11,76,0,12
BRDA:11,76,1,12
BRDA:11,76,2,12
BRDA:11,77,0,12
BRDA:11,77,1,9
BRDA:11,78,0,0
BRDA:11,78,1,3
BRDA:11,79,0,3
BRDA:11,79,1,0
BRDA:11,80,0,0
BRDA:11,80,1,0
BRDA:11,80,2,0
BRDA:11,80,3,0
BRDA:11,81,0,0
BRDA:11,81,1,0
BRDA:11,82,0,0
BRDA:11,82,1,0
BRDA:11,83,0,0
BRDA:11,83,1,0
BRDA:11,84,0,0
BRDA:11,84,1,0
BRDA:11,85,0,0
BRDA:11,85,1,0
BRDA:11,86,0,0
BRDA:11,86,1,3
BRDA:11,87,0,12
BRDA:11,87,1,0
BRDA:11,88,0,1
BRDA:11,88,1,1
BRDA:11,89,0,1
BRDA:11,89,1,0
BRDA:11,90,0,14
BRDA:11,90,1,6
BRDA:11,91,0,6
BRDA:11,91,1,1
BRDA:11,92,0,0
BRDA:11,92,1,0
BRDA:11,93,0,0
BRDA:11,93,1,4
BRDA:11,94,0,0
BRDA:11,94,1,0
BRDA:11,95,0,0
BRDA:11,95,1,0
BRDA:11,96,0,0
BRDA:11,96,1,0
BRDA:11,97,0,11
BRDA:11,97,1,87
BRDA:11,98,0,14
BRDA:11,98,1,0
BRDA:11,99,0,14
BRDA:11,99,1,6
BRDA:11,99,2,14
BRDA:11,99,3,0
BRDA:11,99,4,14
BRDA:11,99,5,0
BRDA:11,99,6,0
BRDA:11,99,7,0
BRDA:11,99,8,14
BRDA:11,99,9,0
BRDA:11,99,10,14
BRDA:11,99,11,14
BRDA:11,100,0,14
BRDA:11,100,1,0
BRDA:11,100,2,14
BRDA:11,100,3,0
BRDA:11,100,4,0
BRDA:11,101,0,14
BRDA:11,101,1,0
BRDA:11,101,2,0
BRDA:11,102,0,14
BRDA:11,102,1,14
BRDA:11,103,0,14
BRDA:11,103,1,0
BRDA:11,104,0,14
BRDA:11,104,1,10
BRDA:11,105,0,14
BRDA:11,105,1,0
BRDA:11,106,0,14
BRDA:11,106,1,0
BRDA:11,107,0,0
BRDA:11,107,1,6
BRDA:11,108,0,6
BRDA:11,108,1,0
BRDA:11,109,0,6
BRDA:11,109,1,6
BRDA:11,110,0,6
BRDA:11,110,1,6
BRDA:11,111,0,0
BRDA:11,111,1,6
BRDA:11,112,0,6
BRDA:11,112,1,0
BRDA:11,113,0,6
BRDA:11,113,1,6
BRDA:11,113,2,6
BRDA:11,113,3,6
BRDA:11,113,4,6
BRDA:11,114,0,0
BRDA:11,114,1,6
BRDA:11,115,0,0
BRDA:11,115,1,0
BRDA:11,116,0,0
BRDA:11,116,1,0
BRDA:11,117,0,6
BRDA:11,117,1,5
BRDA:11,118,0,1
BRDA:11,118,1,0
BRDA:11,119,0,6
BRDA:11,119,1,6
BRDA:11,120,0,0
BRDA:11,120,1,0
BRDA:11,121,0,0
BRDA:11,121,1,0
BRDA:11,122,0,0
BRDA:11,122,1,0
BRDA:11,123,0,0
BRDA:11,123,1,0
BRDA:11,124,0,91
BRDA:11,124,1,0
BRDA:11,125,0,98
BRDA:11,125,1,38
BRDA:11,126,0,3
BRDA:11,126,1,35
BRDA:11,127,0,0
BRDA:11,127,1,7
BRDA:11,128,0,0
BRDA:11,128,1,0
BRDA:11,129,0,0
BRDA:11,129,1,10
BRDA:11,130,0,10
BRDA:11,130,1,0
BRDA:11,131,0,0
BRDA:11,131,1,0
BRDA:11,132,0,0
BRDA:11,132,1,0
BRDA:11,133,0,1
BRDA:11,133,1,9
BRDA:11,134,0,0
BRDA:11,134,1,1
BRDA:11,135,0,1
BRDA:11,135,1,1
BRDA:11,136,0,9
BRDA:11,136,1,5
BRDA:11,137,0,0
BRDA:11,137,1,1
BRDA:11,138,0,0
BRDA:11,138,1,0
BRDA:11,138,2,0
BRDA:11,138,3,0
BRDA:11,138,4,0
BRDA:11,138,5,0
BRDA:11,138,6,0
BRDA:11,138,7,0
BRDA:11,138,8,0
BRDA:11,139,0,0
BRDA:11,139,1,14
BRDA:11,140,0,14
BRDA:11,140,1,8
BRDA:11,141,0,14
BRDA:11,141,1,12
BRDA:11,142,0,29
BRDA:11,142,1,15
BRDA:11,143,0,0
BRDA:11,143,1,15
BRDA:11,144,0,0
BRDA:11,144,1,0
BRDA:11,145,0,0
BRDA:11,145,1,0
BRDA:11,146,0,0
BRDA:11,146,1,0
BRDA:11,147,0,0
BRDA:11,147,1,5
BRDA:11,148,0,5
BRDA:11,148,1,4
BRDA:11,149,0,0
BRDA:11,149,1,0
BRDA:11,149,2,0
BRDA:11,150,0,0
BRDA:11,150,1,4
BRDA:11,151,0,0
BRDA:11,151,1,4
BRDA:11,152,0,4
BRDA:11,152,1,0
BRDA:11,153,0,0
BRDA:11,153,1,0
BRDA:11,153,2,0
BRDA:11,154,0,4
BRDA:11,154,1,0
BRDA:11,155,0,0
BRDA:11,155,1,4
BRDA:11,156,0,4
BRDA:11,156,1,0
BRDA:11,157,0,4
BRDA:11,157,1,4
BRDA:11,158,0,4
BRDA:11,158,1,4
BRDA:11,158,2,4
BRDA:11,159,0,0
BRDA:11,159,1,4
BRDA:11,160,0,4
BRDA:11,160,1,4
BRDA:11,161,0,0
BRDA:11,161,1,6
BRDA:11,162,0,4
BRDA:11,162,1,0
BRDA:11,163,0,0
BRDA:11,163,1,6
BRDA:11,164,0,4
BRDA:11,164,1,4
BRDA:11,164,2,4
BRDA:11,165,0,10
BRDA:11,165,1,14
BRDA:11,166,0,14
BRDA:11,166,1,14
BRDA:11,167,0,4
BRDA:11,167,1,10
BRDA:11,168,0,0
BRDA:11,168,1,4
BRDA:11,169,0,4
BRDA:11,169,1,0
BRDA:11,170,0,1
BRDA:11,170,1,9
BRDA:11,171,0,10
BRDA:11,171,1,5
BRDA:11,172,0,5
BRDA:11,172,1,8
BRDA:11,173,0,0
BRDA:11,173,1,5
BRDA:11,174,0,0
BRDA:11,174,1,0
BRDA:11,175,0,0
BRDA:11,175,1,0
BRDA:11,176,0,0
BRDA:11,176,1,0
BRDA:11,177,0,3
BRDA:11,177,1,27
BRDA:11,178,0,6
BRDA:11,178,1,21
BRDA:11,179,0,27
BRDA:11,179,1,7
BRDA:11,179,2,6
BRDA:11,179,3,6
BRDA:11,179,4,1
BRDA:11,180,0,0
BRDA:11,180,1,6
BRDA:11,181,0,6
BRDA:11,181,1,0
BRDA:11,182,0,0
BRDA:11,182,1,0
BRDA:11,183,0,1
BRDA:11,183,1,12
BRDA:11,184,0,13
BRDA:11,184,1,2
BRDA:11,185,0,4
BRDA:11,185,1,2
BRDA:11,186,0,0
BRDA:11,186,1,2
BRDA:11,187,0,2
BRDA:11,187,1,0
BRDA:11,188,0,2
BRDA:11,188,1,2
BRDA:11,188,2,0
BRDA:11,189,0,0
BRDA:11,189,1,0
BRDA:11,190,0,0
BRDA:11,190,1,0
BRDA:11,191,0,2
BRDA:11,191,1,0
BRDA:11,192,0,4
BRDA:11,192,1,0
BRDA:11,193,0,4
BRDA:11,193,1,2
BRDA:11,194,0,0
BRDA:11,194,1,0
BRDA:11,195,0,0
BRDA:11,195,1,0
BRDA:11,196,0,0
BRDA:11,196,1,0
BRDA:11,197,0,0
BRDA:11,197,1,0
BRDA:11,198,0,7
BRDA:11,198,1,0
BRDA:11,199,0,0
BRDA:11,199,1,0
BRDA:11,200,0,0
BRDA:11,200,1,0
BRDA:11,200,2,0
BRDA:11,200,3,0
BRDA:11,200,4,0
BRDA:11,200,5,0
BRDA:11,200,6,0
BRDA:11,200,7,0
BRDA:11,200,8,0
BRDA:11,201,0,9
BRDA:11,201,1,0
BRDA:11,202,0,1
BRDA:11,202,1,0
BRDA:11,203,0,0
BRDA:11,203,1,3
BRDA:11,204,0,3
BRDA:11,204,1,2
BRDA:11,205,0,0
BRDA:11,205,1,1
BRDA:11,206,0,0
BRDA:11,206,1,0
BRDA:11,207,0,0
BRDA:11,207,1,0
BRDA:11,208,0,0
BRDA:11,208,1,0
BRDA:11,208,2,0
BRDA:11,208,3,0
BRDA:11,209,0,0
BRDA:11,209,1,0
BRDA:11,210,0,0
BRDA:11,210,1,0
BRDA:11,211,0,0
BRDA:11,211,1,0
BRDA:11,212,0,0
BRDA:11,212,1,0
BRDA:11,213,0,0
BRDA:11,213,1,0
BRDA:11,213,2,0
BRDA:11,214,0,7
BRDA:11,214,1,0
BRDA:11,214,2,0
BRDA:11,215,0,0
BRDA:11,215,1,0
BRDA:11,216,0,0
BRDA:11,216,1,0
BRDA:11,217,0,1
BRDA:11,217,1,0
BRDA:11,218,0,4
BRDA:11,218,1,1
BRDA:11,219,0,1
BRDA:11,219,1,0
BRDA:11,220,0,7
BRDA:11,220,1,0
BRDA:11,221,0,7
BRDA:11,221,1,7
BRDA:11,222,0,4
BRDA:11,222,1,3
BRDA:11,223,0,0
BRDA:11,223,1,7
BRDA:11,224,0,2
BRDA:11,224,1,0
BRDA:11,225,0,7
BRDA:11,225,1,2
BRDA:11,225,2,2
BRDA:11,226,0,2
BRDA:11,226,1,2
BRDA:11,227,0,2
BRDA:11,227,1,0
BRDA:11,228,0,2
BRDA:11,228,1,2
BRDA:11,229,0,1
BRDA:11,229,1,1
BRDA:11,230,0,1
BRDA:11,230,1,1
BRDA:11,231,0,1
BRDA:11,231,1,0
BRDA:11,232,0,1
BRDA:11,232,1,0
BRDA:11,233,0,0
BRDA:11,233,1,0
BRDA:11,234,0,4
BRDA:11,234,1,4
BRDA:11,235,0,4
BRDA:11,235,1,4
BRDA:11,236,0,4
BRDA:11,236,1,4
BRDA:11,237,0,4
BRDA:11,237,1,0
BRDA:11,238,0,4
BRDA:11,238,1,0
BRDA:11,239,0,4
BRDA:11,239,1,0
BRDA:11,240,0,4
BRDA:11,240,1,4
BRDA:11,241,0,4
BRDA:11,241,1,0
BRDA:11,242,0,5
BRDA:11,242,1,37
BRDA:11,243,0,37
BRDA:11,243,1,0
BRDA:11,244,0,0
BRDA:11,244,1,42
BRDA:11,245,0,42
BRDA:11,245,1,0
BRDA:11,246,0,8
BRDA:11,246,1,0
BRDA:11,247,0,0
BRDA:11,247,1,8
BRDA:11,248,0,8
BRDA:11,248,1,0
BRDA:11,249,0,0
BRDA:11,249,1,47
BRDA:11,250,0,0
BRDA:11,250,1,0
BRDA:11,251,0,0
BRDA:11,251,1,0
BRDA:11,252,0,42
BRDA:11,252,1,0
BRDA:11,253,0,16
BRDA:11,253,1,0
BRDA:11,254,0,0
BRDA:11,254,1,16
BRDA:11,255,0,0
BRDA:11,255,1,16
BRDA:11,256,0,0
BRDA:11,256,1,0
BRDA:11,257,0,0
BRDA:11,257,1,0
BRDA:11,258,0,0
BRDA:11,258,1,0
BRDA:11,259,0,0
BRDA:11,259,1,1
BRDA:11,260,0,0
BRDA:11,260,1,0
BRDA:11,261,0,2
BRDA:11,261,1,48
BRDA:11,262,0,2
BRDA:11,262,1,0
BRDA:11,263,0,50
BRDA:11,263,1,2
BRDA:11,264,0,2
BRDA:11,264,1,48
BRDA:11,265,0,50
BRDA:11,265,1,42
BRDA:11,266,0,42
BRDA:11,266,1,8
BRDA:11,267,0,42
BRDA:11,267,1,8
BRDA:11,268,0,8
BRDA:11,268,1,4
BRDA:11,269,0,8
BRDA:11,269,1,8
BRDA:11,270,0,8
BRDA:11,270,1,0
BRDA:11,271,0,0
BRDA:11,271,1,8
BRDA:11,272,0,8
BRDA:11,272,1,0
BRDA:11,273,0,0
BRDA:11,273,1,4
BRDA:11,274,0,0
BRDA:11,274,1,0
BRDA:11,275,0,0
BRDA:11,275,1,0
BRDA:11,276,0,0
BRDA:11,276,1,4
BRDA:11,277,0,0
BRDA:11,277,1,0
BRDA:11,278,0,0
BRDA:11,278,1,0
BRDA:11,279,0,0
BRDA:11,279,1,0
BRDA:11,280,0,0
BRDA:11,280,1,0
BRDA:11,281,0,0
BRDA:11,281,1,0
BRDA:11,282,0,4
BRDA:11,282,1,0
BRDA:11,283,0,0
BRDA:11,283,1,0
BRDA:11,284,0,0
BRDA:11,284,1,0
BRDA:11,285,0,0
BRDA:11,285,1,0
BRDA:11,286,0,0
BRDA:11,286,1,0
BRDA:11,287,0,0
BRDA:11,287,1,0
BRDA:11,288,0,0
BRDA:11,288,1,0
BRDA:11,289,0,0
BRDA:11,289,1,0
BRDA:11,290,0,0
BRDA:11,290,1,0
BRDA:11,291,0,0
BRDA:11,291,1,0
BRDA:11,292,0,13
BRDA:11,292,1,269
BRDA:11,293,0,41
BRDA:11,293,1,564
BRDA:11,294,0,19
BRDA:11,294,1,47
BRDA:11,295,0,66
BRDA:11,295,1,400
BRDA:11,296,0,21
BRDA:11,296,1,6
BRDA:11,297,0,0
BRDA:11,297,1,0
BRDA:11,298,0,0
BRDA:11,298,1,0
BRDA:11,299,0,1
BRDA:11,299,1,0
BRDA:11,300,0,0
BRDA:11,300,1,1
BRDA:11,301,0,0
BRDA:11,301,1,0
BRDA:11,302,0,0
BRDA:11,302,1,0
BRDA:11,303,0,0
BRDA:11,303,1,0
BRDA:11,304,0,0
BRDA:11,304,1,0
BRDA:11,305,0,0
BRDA:11,305,1,0
BRDA:11,306,0,0
BRDA:11,306,1,0
BRDA:11,306,2,0
BRDA:11,307,0,0
BRDA:11,307,1,0
BRDA:11,308,0,0
BRDA:11,308,1,0
BRDA:11,308,2,0
BRDA:11,309,0,0
BRDA:11,309,1,0
BRDA:11,309,2,0
BRDA:11,309,3,0
BRDA:11,310,0,4
BRDA:11,310,1,4
BRDA:11,311,0,4
BRDA:11,311,1,0
BRDA:11,312,0,0
BRDA:11,312,1,0
BRDA:11,312,2,0
BRDA:11,313,0,0
BRDA:11,313,1,0
BRDA:11,314,0,0
BRDA:11,314,1,0
BRDA:11,315,0,0
BRDA:11,315,1,7
BRDA:11,316,0,0
BRDA:11,316,1,7
BRDA:11,317,0,0
BRDA:11,317,1,7
BRDA:11,318,0,0
BRDA:11,318,1,0
BRDA:11,319,0,0
BRDA:11,319,1,0
BRDA:11,320,0,0
BRDA:11,320,1,0
BRDA:11,321,0,0
BRDA:11,321,1,0
BRDA:11,322,0,0
BRDA:11,322,1,0
BRDA:11,323,0,0
BRDA:11,323,1,0
BRDA:11,324,0,1
BRDA:11,324,1,0
BRDA:11,325,0,4
BRDA:11,325,1,2
BRDA:11,326,0,0
BRDA:11,326,1,2
BRDA:12,327,0,0
BRDA:12,327,1,2
BRDA:12,328,0,0
BRDA:12,328,1,2
BRDA:12,329,0,2
BRDA:12,329,1,2
BRDA:12,329,2,2
BRDA:12,329,3,2
BRDA:12,330,0,0
BRDA:12,330,1,0
BRDA:12,331,0,0
BRDA:12,331,1,0
BRDA:12,332,0,0
BRDA:12,332,1,0
BRDA:12,333,0,0
BRDA:12,333,1,0
BRDA:12,334,0,0
BRDA:12,334,1,0
BRDA:12,335,0,424
BRDA:12,335,1,270
BRDA:12,336,0,0
BRDA:12,336,1,0
BRDA:12,337,0,0
BRDA:12,337,1,0
BRDA:12,338,0,0
BRDA:12,338,1,0
BRDA:12,339,0,0
BRDA:12,339,1,0
BRDA:12,340,0,0
BRDA:12,340,1,0
BRDA:12,341,0,0
BRDA:12,341,1,0
BRDA:12,342,0,0
BRDA:12,342,1,0
BRDA:12,343,0,0
BRDA:12,343,1,1
BRDA:12,344,0,0
BRDA:12,344,1,28
BRDA:12,345,0,28
BRDA:12,345,1,0
BRDA:12,346,0,0
BRDA:12,346,1,0
BRDA:12,347,0,302
BRDA:12,347,1,259
BRDA:12,348,0,0
BRDA:12,348,1,0
BRDA:12,349,0,0
BRDA:12,349,1,0
BRDA:12,350,0,1
BRDA:12,350,1,1
BRDA:12,351,0,1
BRDA:12,351,1,0
BRDA:12,352,0,0
BRDA:12,352,1,0
BRDA:12,352,2,0
BRDA:12,352,3,0
BRDA:12,352,4,0
BRDA:12,353,0,0
BRDA:12,353,1,1
BRDA:12,354,0,1
BRDA:12,354,1,1
BRDA:12,354,2,0
BRDA:12,355,0,19
BRDA:12,355,1,1
BRDA:12,355,2,0
BRDA:12,355,3,0
BRDA:12,356,0,1
BRDA:12,356,1,18
BRDA:12,357,0,1
BRDA:12,357,1,0
BRDA:12,358,0,1
BRDA:12,358,1,0
BRDA:12,359,0,1
BRDA:12,359,1,1
BRDA:12,360,0,23
BRDA:12,360,1,0
BRDA:12,361,0,0
BRDA:12,361,1,0
BRDA:12,362,0,0
BRDA:12,362,1,0
BRDA:12,363,0,0
BRDA:12,363,1,0
BRDA:12,364,0,0
BRDA:12,364,1,0
BRDA:12,365,0,0
BRDA:12,365,1,0
BRDA:12,366,0,0
BRDA:12,366,1,0
BRDA:12,367,0,0
BRDA:12,367,1,0
BRDA:12,368,0,0
BRDA:12,368,1,0
BRDA:12,369,0,0
BRDA:12,369,1,0
BRDA:12,369,2,0
BRDA:12,369,3,0
BRDA:12,369,4,0
BRDA:12,370,0,0
BRDA:12,370,1,0
BRDA:12,371,0,0
BRDA:12,371,1,0
BRDA:12,372,0,0
BRDA:12,372,1,0
BRDA:12,373,0,1
BRDA:12,373,1,0
BRDA:12,374,0,0
BRDA:12,374,1,0
BRDA:12,375,0,0
BRDA:12,375,1,0
BRDA:12,376,0,0
BRDA:12,376,1,0
BRDA:12,377,0,1
BRDA:12,377,1,0
BRDA:12,378,0,0
BRDA:12,378,1,0
BRDA:12,379,0,0
BRDA:12,379,1,0
BRDA:12,380,0,0
BRDA:12,380,1,0
BRDA:12,381,0,0
BRDA:12,381,1,0
BRDA:12,382,0,1
BRDA:12,382,1,0
BRDA:12,383,0,1
BRDA:12,383,1,0
BRDA:12,384,0,0
BRDA:12,384,1,0
BRDA:12,385,0,0
BRDA:12,385,1,0
BRDA:12,386,0,1
BRDA:12,386,1,0
BRDA:12,387,0,0
BRDA:12,387,1,0
BRDA:12,388,0,0
BRDA:12,388,1,0
BRDA:12,389,0,0
BRDA:12,389,1,0
BRDA:12,390,0,0
BRDA:12,390,1,0
BRDA:12,391,0,0
BRDA:12,391,1,0
BRDA:12,392,0,0
BRDA:12,392,1,0
BRDA:12,393,0,0
BRDA:12,393,1,0
BRDA:12,394,0,0
BRDA:12,394,1,0
BRDA:12,394,2,0
BRDA:12,395,0,0
BRDA:12,395,1,1
BRDA:12,396,0,1
BRDA:12,396,1,1
BRDA:12,397,0,1
BRDA:12,397,1,1
BRDA:12,398,0,0
BRDA:12,398,1,1
BRDA:12,399,0,0
BRDA:12,399,1,0
BRDA:12,400,0,4
BRDA:12,400,1,4
BRDA:12,401,0,19
BRDA:12,401,1,19
BRDA:12,402,0,1
BRDA:12,402,1,0
BRDA:12,403,0,0
BRDA:12,403,1,0
BRDA:12,404,0,0
BRDA:12,404,1,0
BRDA:12,405,0,0
BRDA:12,405,1,0
BRDA:12,406,0,0
BRDA:12,406,1,0
BRDA:12,407,0,0
BRDA:12,407,1,0
BRDA:12,408,0,0
BRDA:12,408,1,0
BRDA:12,409,0,1
BRDA:12,409,1,1
BRDA:12,410,0,0
BRDA:12,410,1,6
BRDA:12,411,0,0
BRDA:12,411,1,6
BRDA:12,412,0,0
BRDA:12,412,1,0
BRDA:12,413,0,6
BRDA:12,413,1,6
BRDA:12,414,0,6
BRDA:12,414,1,3
BRDA:12,415,0,6
BRDA:12,415,1,0
BRDA:12,416,0,6
BRDA:12,416,1,3
BRDA:12,417,0,6
BRDA:12,417,1,3
BRDA:12,418,0,6
BRDA:12,418,1,3
BRDA:12,419,0,6
BRDA:12,419,1,3
BRDA:12,420,0,0
BRDA:12,420,1,0
BRDA:12,421,0,3
BRDA:12,421,1,0
BRDA:12,421,2,3
BRDA:12,422,0,7
BRDA:12,422,1,4
BRDA:12,423,0,0
BRDA:12,423,1,0
BRDA:12,424,0,0
BRDA:12,424,1,0
BRDA:12,425,0,0
BRDA:12,425,1,12
BRDA:12,426,0,0
BRDA:12,426,1,12
BRDA:12,427,0,0
BRDA:12,427,1,9
BRDA:12,428,0,0
BRDA:12,428,1,0
BRDA:12,429,0,0
BRDA:12,429,1,0
BRDA:12,430,0,0
BRDA:12,430,1,0
BRDA:12,431,0,0
BRDA:12,431,1,0
BRDA:12,432,0,0
BRDA:12,432,1,0
BRDA:12,433,0,0
BRDA:12,433,1,0
BRDA:12,434,0,21
BRDA:12,434,1,21
BRDA:12,435,0,12
BRDA:12,435,1,0
BRDA:12,436,0,0
BRDA:12,436,1,0
BRDA:12,437,0,3
BRDA:12,437,1,0
BRDA:12,438,0,3
BRDA:12,438,1,3
BRDA:12,439,0,3
BRDA:12,439,1,3
BRDA:12,440,0,4
BRDA:12,440,1,8
BRDA:12,441,0,3
BRDA:12,441,1,1
BRDA:12,442,0,4
BRDA:12,442,1,0
BRDA:12,443,0,0
BRDA:12,443,1,12
BRDA:12,444,0,15
BRDA:12,444,1,3
BRDA:12,445,0,15
BRDA:12,445,1,0
BRDA:12,446,0,3
BRDA:12,446,1,12
BRDA:12,447,0,0
BRDA:12,447,1,3
BRDA:12,448,0,0
BRDA:12,448,1,0
BRDA:12,449,0,12
BRDA:12,449,1,0
BRDA:12,450,0,0
BRDA:12,450,1,12
BRDA:12,451,0,0
BRDA:12,451,1,0
BRDA:12,451,2,0
BRDA:12,452,0,0
BRDA:12,452,1,0
BRDA:12,453,0,3
BRDA:12,453,1,9
BRDA:12,454,0,0
BRDA:12,454,1,9
BRDA:12,455,0,0
BRDA:12,455,1,0
BRDA:12,456,0,0
BRDA:12,456,1,0
BRDA:12,457,0,0
BRDA:12,457,1,0
BRDA:12,458,0,0
BRDA:12,458,1,0
BRDA:12,459,0,8
BRDA:12,459,1,47
BRDA:12,460,0,0
BRDA:12,460,1,0
BRDA:12,461,0,0
BRDA:12,461,1,0
BRDA:12,462,0,0
BRDA:12,462,1,0
BRDA:12,463,0,9
BRDA:12,463,1,0
BRDA:12,464,0,1
BRDA:12,464,1,1
BRDA:12,465,0,0
BRDA:12,465,1,0
BRDA:12,466,0,0
BRDA:12,466,1,0
BRDA:12,467,0,0
BRDA:12,467,1,0
BRDA:13,468,0,0
BRDA:13,468,1,0
BRDA:13,469,0,0
BRDA:13,469,1,1
BRDA:13,470,0,0
BRDA:13,470,1,0
BRDA:13,471,0,0
BRDA:13,471,1,0
BRDA:13,472,0,0
BRDA:13,472,1,0
BRDA:13,473,0,0
BRDA:13,473,1,0
BRDA:13,474,0,0
BRDA:13,474,1,0
BRDA:13,475,0,0
BRDA:13,475,1,0
BRDA:13,476,0,0
BRDA:13,476,1,0
BRDA:13,477,0,0
BRDA:13,477,1,0
BRDA:13,478,0,0
BRDA:13,478,1,0
BRDA:13,479,0,0
BRDA:13,479,1,0
BRDA:13,480,0,0
BRDA:13,480,1,0
BRDA:13,481,0,0
BRDA:13,481,1,0
BRDA:13,482,0,0
BRDA:13,482,1,0
BRDA:13,483,0,0
BRDA:13,483,1,0
BRDA:13,484,0,0
BRDA:13,484,1,0
BRDA:13,485,0,1
BRDA:13,485,1,0
BRDA:13,486,0,1
BRDA:13,486,1,0
BRDA:13,487,0,0
BRDA:13,487,1,0
BRDA:13,488,0,1
BRDA:13,488,1,1
BRDA:13,489,0,1
BRDA:13,489,1,0
BRDA:13,490,0,0
BRDA:13,490,1,0
BRDA:13,491,0,1
BRDA:13,491,1,0
BRDA:13,492,0,0
BRDA:13,492,1,0
BRDA:13,493,0,0
BRDA:13,493,1,0
BRDA:13,494,0,2
BRDA:13,494,1,0
BRDA:13,495,0,1
BRDA:13,495,1,0
BRDA:13,496,0,1
BRDA:13,496,1,1
BRDA:13,497,0,1
BRDA:13,497,1,1
BRDA:13,498,0,0
BRDA:13,498,1,0
BRDA:13,499,0,0
BRDA:13,499,1,0
BRDA:13,500,0,1
BRDA:13,500,1,1
BRDA:13,501,0,58
BRDA:13,501,1,10
BRDA:13,502,0,0
BRDA:13,502,1,0
BRDA:13,503,0,0
BRDA:13,503,1,0
BRDA:13,504,0,0
BRDA:13,504,1,0
BRDA:13,505,0,0
BRDA:13,505,1,0
BRDA:13,506,0,0
BRDA:13,506,1,0
BRDA:13,507,0,0
BRDA:13,507,1,0
BRDA:13,508,0,1
BRDA:13,508,1,1
BRDA:13,509,0,2
BRDA:13,509,1,1
BRDA:13,510,0,0
BRDA:13,510,1,0
BRDA:13,511,0,0
BRDA:13,511,1,0
BRDA:13,512,0,0
BRDA:13,512,1,0
BRDA:13,513,0,0
BRDA:13,513,1,0
BRDA:13,514,0,0
BRDA:13,514,1,0
BRDA:13,515,0,0
BRDA:13,515,1,0
BRDA:13,516,0,0
BRDA:13,516,1,0
BRDA:13,517,0,0
BRDA:13,517,1,0
BRDA:13,518,0,0
BRDA:13,518,1,0
BRDA:13,519,0,0
BRDA:13,519,1,0
BRDA:13,520,0,0
BRDA:13,520,1,0
BRDA:13,521,0,0
BRDA:13,521,1,0
BRDA:13,522,0,0
BRDA:13,522,1,0
BRDA:13,523,0,0
BRDA:13,523,1,0
BRDA:13,524,0,0
BRDA:13,524,1,0
BRDA:13,525,0,0
BRDA:13,525,1,0
BRDA:13,525,2,0
BRDA:13,526,0,0
BRDA:13,526,1,0
BRDA:13,527,0,0
BRDA:13,527,1,0
BRDA:13,528,0,0
BRDA:13,528,1,0
BRDA:13,528,2,0
BRDA:13,529,0,0
BRDA:13,529,1,0
BRDA:13,530,0,0
BRDA:13,530,1,0
BRDA:13,531,0,0
BRDA:13,531,1,0
BRDA:13,532,0,0
BRDA:13,532,1,0
BRDA:13,533,0,0
BRDA:13,533,1,0
BRDA:13,534,0,0
BRDA:13,534,1,0
BRDA:13,535,0,0
BRDA:13,535,1,0
BRDA:13,535,2,0
BRDA:13,535,3,0
BRDA:13,536,0,0
BRDA:13,536,1,0
BRDA:13,536,2,0
BRDA:13,537,0,0
BRDA:13,537,1,0
BRDA:13,538,0,0
BRDA:13,538,1,0
BRDA:13,538,2,0
BRDA:13,539,0,0
BRDA:13,539,1,0
BRDA:13,540,0,0
BRDA:13,540,1,0
BRDA:13,541,0,1
BRDA:13,541,1,0
BRDA:13,542,0,1
BRDA:13,542,1,0
BRDA:13,543,0,1
BRDA:13,543,1,1
BRDA:13,544,0,0
BRDA:13,544,1,0
BRDA:13,545,0,0
BRDA:13,545,1,0
BRDA:13,546,0,0
BRDA:13,546,1,0
BRDA:13,547,0,0
BRDA:13,547,1,0
BRDA:13,548,0,0
BRDA:13,548,1,0
BRDA:13,549,0,0
BRDA:13,549,1,0
BRDA:13,550,0,0
BRDA:13,550,1,0
BRDA:13,551,0,0
BRDA:13,551,1,0
BRDA:13,551,2,0
BRDA:13,552,0,1
BRDA:13,552,1,0
BRDA:13,553,0,0
BRDA:13,553,1,0
BRDA:13,554,0,0
BRDA:13,554,1,0
BRDA:13,555,0,0
BRDA:13,555,1,0
BRDA:13,555,2,0
BRDA:13,556,0,0
BRDA:13,556,1,0
BRDA:13,557,0,0
BRDA:13,557,1,0
BRDA:13,557,2,0
BRDA:13,558,0,0
BRDA:13,558,1,0
BRDA:13,559,0,0
BRDA:13,559,1,0
BRDA:13,559,2,0
BRDA:13,560,0,0
BRDA:13,560,1,0
BRDA:13,560,2,0
BRDA:13,560,3,0
BRDA:13,560,4,0
BRDA:13,560,5,0
BRDA:13,560,6,0
BRDA:13,560,7,0
BRDA:13,560,8,0
BRDA:13,560,9,0
BRDA:13,560,10,0
BRDA:13,560,11,0
BRDA:13,560,12,0
BRDA:13,560,13,0
BRDA:13,560,14,0
BRDA:13,560,15,0
BRDA:13,560,16,0
BRDA:13,560,17,0
BRDA:13,560,18,0
BRDA:13,561,0,0
BRDA:13,561,1,0
BRDA:13,562,0,0
BRDA:13,562,1,0
BRDA:13,563,0,0
BRDA:13,563,1,0
BRDA:13,564,0,0
BRDA:13,564,1,0
BRDA:13,565,0,0
BRDA:13,565,1,0
BRDA:13,566,0,0
BRDA:13,566,1,0
BRDA:13,567,0,0
BRDA:13,567,1,0
BRDA:13,568,0,0
BRDA:13,568,1,0
BRDA:13,569,0,0
BRDA:13,569,1,0
BRDA:13,570,0,0
BRDA:13,570,1,0
BRDA:13,571,0,0
BRDA:13,571,1,0
BRDA:13,572,0,0
BRDA:13,572,1,0
BRDA:13,573,0,0
BRDA:13,573,1,0
BRDA:13,573,2,0
BRDA:13,574,0,0
BRDA:13,574,1,0
BRDA:13,575,0,0
BRDA:13,575,1,0
BRDA:13,576,0,0
BRDA:13,576,1,0
BRDA:13,577,0,0
BRDA:13,577,1,0
BRDA:13,577,2,0
BRDA:13,577,3,0
BRDA:13,577,4,0
BRDA:13,578,0,0
BRDA:13,578,1,0
BRDA:13,579,0,0
BRDA:13,579,1,0
BRDA:13,580,0,0
BRDA:13,580,1,0
BRDA:13,581,0,0
BRDA:13,581,1,0
BRDA:13,582,0,0
BRDA:13,582,1,0
BRDA:13,583,0,0
BRDA:13,583,1,0
BRDA:13,584,0,0
BRDA:13,584,1,0
BRDA:13,585,0,0
BRDA:13,585,1,0
BRDA:13,586,0,0
BRDA:13,586,1,0
BRDA:13,587,0,0
BRDA:13,587,1,0
BRDA:13,588,0,0
BRDA:13,588,1,0
BRDA:13,589,0,0
BRDA:13,589,1,0
BRDA:13,589,2,0
BRDA:13,589,3,0
BRDA:13,589,4,0
BRDA:13,589,5,0
BRDA:13,589,6,0
BRDA:13,589,7,0
BRDA:13,589,8,0
BRDA:13,589,9,0
BRDA:13,590,0,0
BRDA:13,590,1,0
BRDA:13,591,0,0
BRDA:13,591,1,0
BRDA:13,592,0,0
BRDA:13,592,1,0
BRDA:13,593,0,0
BRDA:13,593,1,0
BRDA:13,594,0,0
BRDA:13,594,1,0
BRDA:13,595,0,0
BRDA:13,595,1,0
BRDA:13,596,0,0
BRDA:13,596,1,0
BRDA:13,597,0,0
BRDA:13,597,1,0
BRDA:13,598,0,0
BRDA:13,598,1,0
BRDA:13,599,0,0
BRDA:13,599,1,0
BRDA:13,600,0,0
BRDA:13,600,1,0
BRDA:13,601,0,0
BRDA:13,601,1,0
BRDA:13,602,0,0
BRDA:13,602,1,0
BRDA:13,602,2,0
BRDA:13,603,0,0
BRDA:13,603,1,0
BRDA:13,604,0,0
BRDA:13,604,1,0
BRDA:13,605,0,0
BRDA:13,605,1,0
BRDA:13,606,0,0
BRDA:13,606,1,0
BRDA:13,607,0,0
BRDA:13,607,1,0
BRDA:13,607,2,0
BRDA:13,607,3,0
BRDA:13,607,4,0
BRDA:13,608,0,0
BRDA:13,608,1,0
BRDA:13,609,0,0
BRDA:13,609,1,0
BRDA:13,609,2,0
BRDA:13,609,3,0
BRDA:13,609,4,0
BRDA:13,610,0,0
BRDA:13,610,1,0
BRDA:13,611,0,0
BRDA:13,611,1,0
BRDA:13,611,2,0
BRDA:13,611,3,0
BRDA:13,612,0,0
BRDA:13,612,1,0
BRDA:13,613,0,0
BRDA:13,613,1,0
BRDA:13,614,0,0
BRDA:13,614,1,0
BRDA:13,614,2,0
BRDA:13,615,0,0
BRDA:13,615,1,0
BRDA:13,616,0,0
BRDA:13,616,1,0
BRDA:13,617,0,0
BRDA:13,617,1,0
BRDA:13,618,0,0
BRDA:13,618,1,0
BRDA:13,618,2,0
BRDA:13,618,3,0
BRDA:13,618,4,0
BRDA:13,619,0,0
BRDA:13,619,1,0
BRDA:13,620,0,0
BRDA:13,620,1,0
BRDA:13,621,0,0
BRDA:13,621,1,0
BRDA:13,621,2,0
BRDA:13,622,0,0
BRDA:13,622,1,0
BRDA:13,623,0,0
BRDA:13,623,1,0
BRDA:13,624,0,0
BRDA:13,624,1,0
BRDA:13,625,0,0
BRDA:13,625,1,0
BRDA:13,626,0,0
BRDA:13,626,1,0
BRDA:13,627,0,0
BRDA:13,627,1,0
BRDA:13,627,2,0
BRDA:13,627,3,0
BRDA:13,627,4,0
BRDA:13,627,5,0
BRDA:13,628,0,0
BRDA:13,628,1,0
BRDA:13,629,0,0
BRDA:13,629,1,0
BRDA:13,630,0,0
BRDA:13,630,1,0
BRDA:13,631,0,0
BRDA:13,631,1,0
BRDA:13,632,0,0
BRDA:13,632,1,0
BRDA:13,632,2,0
BRDA:13,633,0,0
BRDA:13,633,1,0
BRDA:13,634,0,0
BRDA:13,634,1,0
BRDA:13,635,0,0
BRDA:13,635,1,0
BRDA:13,636,0,0
BRDA:13,636,1,0
BRDA:13,637,0,0
BRDA:13,637,1,0
BRDA:13,637,2,0
BRDA:13,637,3,0
BRDA:13,637,4,0
BRDA:13,637,5,0
BRDA:13,638,0,0
BRDA:13,638,1,0
BRDA:13,638,2,0
BRDA:13,638,3,0
BRDA:13,639,0,0
BRDA:13,639,1,0
BRDA:13,640,0,0
BRDA:13,640,1,0
BRDA:13,641,0,0
BRDA:13,641,1,0
BRDA:13,642,0,0
BRDA:13,642,1,0
BRDA:13,642,2,0
BRDA:13,643,0,0
BRDA:13,643,1,0
BRDA:13,644,0,0
BRDA:13,644,1,0
BRDA:13,644,2,0
BRDA:13,645,0,0
BRDA:13,645,1,0
BRDA:13,646,0,0
BRDA:13,646,1,0
BRDA:13,646,2,0
BRDA:13,646,3,0
BRDA:13,646,4,0
BRDA:13,646,5,0
BRDA:13,647,0,0
BRDA:13,647,1,0
BRDA:13,648,0,0
BRDA:13,648,1,0
BRDA:13,649,0,0
BRDA:13,649,1,0
BRDA:13,650,0,0
BRDA:13,650,1,0
BRDA:13,651,0,0
BRDA:13,651,1,0
BRDA:13,651,2,0
BRDA:13,651,3,0
BRDA:13,651,4,0
BRDA:13,652,0,0
BRDA:13,652,1,0
BRDA:13,652,2,0
BRDA:13,652,3,0
BRDA:13,652,4,0
BRDA:13,653,0,0
BRDA:13,653,1,0
BRDA:13,653,2,0
BRDA:13,654,0,1
BRDA:13,654,1,0
BRDA:13,655,0,1
BRDA:13,655,1,0
BRDA:13,656,0,0
BRDA:13,656,1,0
BRDA:13,657,0,0
BRDA:13,657,1,0
BRDA:13,657,2,0
BRDA:13,658,0,0
BRDA:13,658,1,0
BRDA:13,659,0,0
BRDA:13,659,1,0
BRDA:13,660,0,0
BRDA:13,660,1,0
BRDA:13,661,0,0
BRDA:13,661,1,0
BRDA:13,662,0,0
BRDA:13,662,1,0
BRDA:13,663,0,0
BRDA:13,663,1,0
BRDA:13,663,2,0
BRDA:13,664,0,0
BRDA:13,664,1,0
BRDA:13,664,2,0
BRDA:13,665,0,0
BRDA:13,665,1,0
BRDA:13,665,2,0
BRDA:13,666,0,0
BRDA:13,666,1,0
BRDA:13,667,0,0
BRDA:13,667,1,0
BRDA:13,668,0,0
BRDA:13,668,1,0
BRDA:13,668,2,0
BRDA:13,669,0,0
BRDA:13,669,1,0
BRDA:13,670,0,0
BRDA:13,670,1,0
BRDA:13,670,2,0
BRDA:13,671,0,0
BRDA:13,671,1,0
BRDA:13,671,2,0
BRDA:13,672,0,0
BRDA:13,672,1,0
BRDA:13,673,0,0
BRDA:13,673,1,0
BRDA:13,674,0,0
BRDA:13,674,1,0
BRDA:13,674,2,0
BRDA:13,675,0,0
BRDA:13,675,1,0
BRDA:13,676,0,0
BRDA:13,676,1,0
BRDA:13,677,0,0
BRDA:13,677,1,0
BRDA:13,678,0,0
BRDA:13,678,1,0
BRDA:13,679,0,0
BRDA:13,679,1,0
BRDA:13,679,2,0
BRDA:13,679,3,0
BRDA:13,680,0,0
BRDA:13,680,1,0
BRDA:13,681,0,1
BRDA:13,681,1,1
BRDA:13,682,0,0
BRDA:13,682,1,0
BRDA:13,683,0,0
BRDA:13,683,1,0
BRDA:13,683,2,0
BRDA:13,684,0,0
BRDA:13,684,1,0
BRDA:13,685,0,0
BRDA:13,685,1,0
BRDA:13,686,0,0
BRDA:13,686,1,0
BRDA:13,687,0,0
BRDA:13,687,1,0
BRDA:13,688,0,0
BRDA:13,688,1,0
BRDA:13,689,0,0
BRDA:13,689,1,0
BRDA:13,690,0,0
BRDA:13,690,1,0
BRDA:13,691,0,0
BRDA:13,691,1,0
BRDA:13,692,0,0
BRDA:13,692,1,0
BRDA:13,693,0,0
BRDA:13,693,1,0
BRDA:13,694,0,0
BRDA:13,694,1,0
BRDA:13,695,0,0
BRDA:13,695,1,0
BRDA:13,696,0,0
BRDA:13,696,1,0
BRDA:13,697,0,0
BRDA:13,697,1,1
BRDA:13,698,0,0
BRDA:13,698,1,1
BRDA:13,699,0,0
BRDA:13,699,1,0
BRDA:13,700,0,0
BRDA:13,700,1,0
BRDA:13,701,0,0
BRDA:13,701,1,0
BRDA:13,701,2,0
BRDA:13,701,3,0
BRDA:13,701,4,0
BRDA:13,701,5,0
BRDA:13,701,6,0
BRDA:13,701,7,0
BRDA:13,701,8,0
BRDA:13,701,9,0
BRDA:13,702,0,0
BRDA:13,702,1,0
BRDA:13,703,0,0
BRDA:13,703,1,0
BRDA:13,704,0,0
BRDA:13,704,1,0
BRDA:13,705,0,0
BRDA:13,705,1,0
BRDA:13,706,0,0
BRDA:13,706,1,0
BRDA:13,707,0,0
BRDA:13,707,1,0
BRDA:13,708,0,0
BRDA:13,708,1,0
BRDA:13,709,0,0
BRDA:13,709,1,0
BRDA:13,710,0,0
BRDA:13,710,1,0
BRDA:13,711,0,0
BRDA:13,711,1,0
BRDA:13,711,2,0
BRDA:13,712,0,0
BRDA:13,712,1,0
BRDA:13,713,0,0
BRDA:13,713,1,0
BRDA:13,714,0,0
BRDA:13,714,1,0
BRDA:13,715,0,0
BRDA:13,715,1,0
BRDA:13,715,2,0
BRDA:13,716,0,0
BRDA:13,716,1,0
BRDA:13,717,0,0
BRDA:13,717,1,0
BRDA:13,718,0,0
BRDA:13,718,1,0
BRDA:13,719,0,0
BRDA:13,719,1,0
BRDA:13,719,2,0
BRDA:13,719,3,0
BRDA:13,720,0,0
BRDA:13,720,1,0
BRDA:13,721,0,0
BRDA:13,721,1,0
BRDA:13,722,0,0
BRDA:13,722,1,0
BRDA:13,722,2,0
BRDA:13,722,3,0
BRDA:13,722,4,0
BRDA:13,723,0,0
BRDA:13,723,1,0
BRDA:13,724,0,0
BRDA:13,724,1,0
BRDA:13,725,0,0
BRDA:13,725,1,0
BRDA:13,726,0,0
BRDA:13,726,1,0
BRDA:13,727,0,0
BRDA:13,727,1,0
BRDA:13,728,0,1
BRDA:13,728,1,0
BRDA:13,729,0,1
BRDA:13,729,1,1
BRDA:13,730,0,1
BRDA:13,730,1,1
BRDA:13,731,0,2
BRDA:13,731,1,2
BRDA:13,732,0,1
BRDA:13,732,1,1
BRDA:13,733,0,1
BRDA:13,733,1,1
BRDA:13,734,0,1
BRDA:13,734,1,1
BRDA:13,734,2,1
BRDA:13,735,0,1
BRDA:13,735,1,1
BRDA:13,735,2,1
BRDA:13,736,0,0
BRDA:13,736,1,1
BRDA:13,737,0,0
BRDA:13,737,1,0
BRDA:13,738,0,0
BRDA:13,738,1,0
BRDA:13,739,0,0
BRDA:13,739,1,0
BRDA:13,740,0,0
BRDA:13,740,1,0
BRDA:13,740,2,0
BRDA:13,741,0,0
BRDA:13,741,1,0
BRDA:13,742,0,0
BRDA:13,742,1,0
BRDA:13,743,0,0
BRDA:13,743,1,0
BRDA:13,744,0,0
BRDA:13,744,1,0
BRDA:13,745,0,1
BRDA:13,745,1,0
BRDA:13,746,0,0
BRDA:13,746,1,0
BRDA:13,746,2,0
BRDA:13,747,0,0
BRDA:13,747,1,0
BRDA:13,748,0,0
BRDA:13,748,1,1
BRDA:13,749,0,1
BRDA:13,749,1,0
BRDA:13,750,0,0
BRDA:13,750,1,0
BRDA:13,751,0,0
BRDA:13,751,1,0
BRDA:13,752,0,0
BRDA:13,752,1,0
BRDA:13,753,0,0
BRDA:13,753,1,0
BRDA:13,754,0,0
BRDA:13,754,1,0
BRDA:14,755,0,0
BRDA:14,755,1,0
BRDA:14,755,2,0
BRDA:14,755,3,0
BRDA:14,756,0,0
BRDA:14,756,1,0
BRDA:14,756,2,0
BRDA:14,757,0,0
BRDA:14,757,1,0
BRDA:14,758,0,0
BRDA:14,758,1,0
BRDA:14,759,0,0
BRDA:14,759,1,0
BRDA:14,760,0,0
BRDA:14,760,1,0
BRDA:14,761,0,0
BRDA:14,761,1,0
BRDA:14,762,0,1
BRDA:14,762,1,0
BRDA:14,763,0,0
BRDA:14,763,1,0
BRDA:14,764,0,0
BRDA:14,764,1,0
BRDA:14,765,0,0
BRDA:14,765,1,0
BRDA:14,766,0,0
BRDA:14,766,1,0
BRDA:14,767,0,0
BRDA:14,767,1,0
BRDA:14,768,0,0
BRDA:14,768,1,0
BRDA:14,769,0,0
BRDA:14,769,1,0
BRDA:14,770,0,0
BRDA:14,770,1,0
BRDA:14,771,0,0
BRDA:14,771,1,0
BRDA:14,772,0,1
BRDA:14,772,1,1
BRDA:14,773,0,0
BRDA:14,773,1,0
BRDA:14,774,0,0
BRDA:14,774,1,0
BRDA:14,774,2,0
BRDA:14,775,0,0
BRDA:14,775,1,0
BRDA:14,776,0,0
BRDA:14,776,1,0
BRDA:14,777,0,0
BRDA:14,777,1,0
BRDA:14,777,2,0
BRDA:14,778,0,0
BRDA:14,778,1,0
BRDA:14,779,0,0
BRDA:14,779,1,0
BRDA:14,780,0,0
BRDA:14,780,1,0
BRDA:14,781,0,2
BRDA:14,781,1,0
BRDA:14,782,0,0
BRDA:14,782,1,0
BRDA:14,783,0,0
BRDA:14,783,1,0
BRDA:14,784,0,0
BRDA:14,784,1,0
BRDA:14,785,0,0
BRDA:14,785,1,0
BRDA:14,786,0,0
BRDA:14,786,1,0
BRDA:14,787,0,0
BRDA:14,787,1,0
BRDA:14,788,0,0
BRDA:14,788,1,0
BRDA:14,789,0,0
BRDA:14,789,1,0
BRDA:14,790,0,0
BRDA:14,790,1,0
BRDA:14,791,0,0
BRDA:14,791,1,0
BRDA:14,792,0,0
BRDA:14,792,1,0
BRDA:14,793,0,0
BRDA:14,793,1,0
BRDA:14,794,0,0
BRDA:14,794,1,0
BRDA:14,795,0,0
BRDA:14,795,1,0
BRDA:14,796,0,0
BRDA:14,796,1,0
BRDA:14,797,0,0
BRDA:14,797,1,0
BRDA:14,798,0,0
BRDA:14,798,1,0
BRDA:14,799,0,0
BRDA:14,799,1,0
BRDA:14,800,0,0
BRDA:14,800,1,0
BRDA:14,801,0,0
BRDA:14,801,1,0
BRDA:14,802,0,0
BRDA:14,802,1,0
BRDA:14,803,0,0
BRDA:14,803,1,0
BRDA:14,804,0,0
BRDA:14,804,1,0
BRDA:14,805,0,0
BRDA:14,805,1,0
BRDA:14,806,0,0
BRDA:14,806,1,0
BRDA:14,807,0,0
BRDA:14,807,1,0
BRDA:14,808,0,0
BRDA:14,808,1,0
BRDA:14,809,0,2
BRDA:14,809,1,2
BRDA:14,809,2,2
BRDA:14,810,0,2
BRDA:14,810,1,0
BRDA:14,811,0,2
BRDA:14,811,1,2
BRDA:14,812,0,2
BRDA:14,812,1,0
BRDA:14,813,0,0
BRDA:14,813,1,0
BRDA:14,814,0,0
BRDA:14,814,1,0
BRDA:14,815,0,0
BRDA:14,815,1,0
BRDA:14,816,0,2
BRDA:14,816,1,2
BRDA:14,817,0,2
BRDA:14,817,1,0
BRDA:14,818,0,0
BRDA:14,818,1,0
BRDA:14,819,0,0
BRDA:14,819,1,0
BRDA:14,820,0,0
BRDA:14,820,1,0
BRDA:14,821,0,0
BRDA:14,821,1,0
BRDA:14,821,2,0
BRDA:14,822,0,0
BRDA:14,822,1,0
BRDA:14,822,2,0
BRDA:14,823,0,1
BRDA:14,823,1,1
BRDA:14,824,0,1
BRDA:14,824,1,0
BRDA:14,825,0,0
BRDA:14,825,1,0
BRDA:14,826,0,0
BRDA:14,826,1,0
BRDA:14,827,0,0
BRDA:14,827,1,0
BRDA:14,828,0,0
BRDA:14,828,1,0
BRDA:14,829,0,0
BRDA:14,829,1,0
BRDA:14,830,0,0
BRDA:14,830,1,0
BRDA:14,831,0,0
BRDA:14,831,1,1
BRDA:14,832,0,0
BRDA:14,832,1,0
BRDA:14,833,0,0
BRDA:14,833,1,0
BRDA:14,834,0,0
BRDA:14,834,1,0
BRDA:14,835,0,0
BRDA:14,835,1,0
BRDA:14,836,0,0
BRDA:14,836,1,0
BRDA:14,836,2,0
BRDA:14,837,0,0
BRDA:14,837,1,0
BRDA:14,838,0,0
BRDA:14,838,1,0
BRDA:14,839,0,1
BRDA:14,839,1,0
BRDA:14,839,2,0
BRDA:14,839,3,0
BRDA:14,839,4,0
BRDA:14,840,0,1
BRDA:14,840,1,0
BRDA:14,841,0,1
BRDA:14,841,1,0
BRDA:14,841,2,0
BRDA:14,842,0,0
BRDA:14,842,1,0
BRDA:14,843,0,0
BRDA:14,843,1,1
BRDA:14,844,0,1
BRDA:14,844,1,1
BRDA:14,844,2,0
BRDA:14,845,0,1
BRDA:14,845,1,1
BRDA:14,846,0,1
BRDA:14,846,1,1
BRDA:14,846,2,0
BRDA:14,846,3,0
BRDA:14,846,4,0
BRDA:14,847,0,0
BRDA:14,847,1,133
BRDA:14,848,0,122
BRDA:14,848,1,32
BRDA:14,849,0,134
BRDA:14,849,1,12
BRDA:14,850,0,133
BRDA:14,850,1,133
BRDA:14,851,0,3
BRDA:14,851,1,0
BRDA:14,852,0,3
BRDA:14,852,1,0
BRDA:14,853,0,0
BRDA:14,853,1,0
BRDA:14,854,0,1
BRDA:14,854,1,0
BRDA:14,855,0,11
BRDA:14,855,1,11
BRDA:14,856,0,0
BRDA:14,856,1,144
BRDA:14,857,0,144
BRDA:14,857,1,116
BRDA:14,858,0,0
BRDA:14,858,1,133
BRDA:14,859,0,0
BRDA:14,859,1,0
BRDA:14,860,0,0
BRDA:14,860,1,0
BRDA:14,861,0,0
BRDA:14,861,1,116
BRDA:14,862,0,116
BRDA:14,862,1,2
BRDA:14,862,2,2
BRDA:14,863,0,2
BRDA:14,863,1,2
BRDA:14,864,0,0
BRDA:14,864,1,0
BRDA:14,865,0,0
BRDA:14,865,1,0
BRDA:14,865,2,0
BRDA:14,866,0,0
BRDA:14,866,1,0
BRDA:14,867,0,0
BRDA:14,867,1,0
BRDA:14,868,0,0
BRDA:14,868,1,0
BRDA:14,868,2,0
BRDA:14,869,0,4
BRDA:14,869,1,0
BRDA:14,870,0,4
BRDA:14,870,1,4
BRDA:14,871,0,4
BRDA:14,871,1,0
BRDA:14,872,0,0
BRDA:14,872,1,0
BRDA:14,873,0,0
BRDA:14,873,1,0
BRDA:14,874,0,0
BRDA:14,874,1,0
BRDA:14,874,2,0
BRDA:14,874,3,0
BRDA:14,875,0,0
BRDA:14,875,1,0
BRDA:14,875,2,0
BRDA:14,876,0,0
BRDA:14,876,1,0
BRDA:14,876,2,0
BRDA:14,876,3,0
BRDA:14,876,4,0
BRDA:14,876,5,0
BRDA:14,877,0,0
BRDA:14,877,1,0
BRDA:14,878,0,0
BRDA:14,878,1,0
BRDA:14,879,0,0
BRDA:14,879,1,0
BRDA:14,880,0,0
BRDA:14,880,1,0
BRDA:14,881,0,0
BRDA:14,881,1,0
BRDA:14,882,0,0
BRDA:14,882,1,0
BRDA:14,883,0,5
BRDA:14,883,1,2
BRDA:14,884,0,3
BRDA:14,884,1,0
BRDA:14,885,0,3
BRDA:14,885,1,0
BRDA:14,886,0,1
BRDA:14,886,1,1
BRDA:14,887,0,1
BRDA:14,887,1,1
BRDA:14,888,0,135
BRDA:14,888,1,9
BRDA:14,889,0,144
BRDA:14,889,1,142
BRDA:14,890,0,135
BRDA:14,890,1,135
BRDA:14,891,0,0
BRDA:14,891,1,135
BRDA:14,892,0,135
BRDA:14,892,1,0
BRDA:14,892,2,0
BRDA:14,892,3,0
BRDA:14,892,4,0
BRDA:14,893,0,4
BRDA:14,893,1,0
BRDA:14,894,0,4
BRDA:14,894,1,0
BRDA:14,895,0,4
BRDA:14,895,1,0
BRDA:14,896,0,4
BRDA:14,896,1,0
BRDA:14,897,0,4
BRDA:14,897,1,0
BRDA:14,898,0,0
BRDA:14,898,1,0
BRDA:14,899,0,0
BRDA:14,899,1,0
BRDA:14,900,0,4
BRDA:14,900,1,4
BRDA:14,901,0,2
BRDA:14,901,1,0
BRDA:14,902,0,0
BRDA:14,902,1,2
BRDA:14,903,0,0
BRDA:14,903,1,2
BRDA:14,904,0,0
BRDA:14,904,1,2
BRDA:14,905,0,0
BRDA:14,905,1,2
BRDA:14,906,0,2
BRDA:14,906,1,0
BRDA:14,907,0,2
BRDA:14,907,1,2
BRDA:14,908,0,2
BRDA:14,908,1,2
BRDA:14,909,0,2
BRDA:14,909,1,0
BRDA:14,910,0,0
BRDA:14,910,1,0
BRDA:14,910,2,0
BRDA:14,911,0,0
BRDA:14,911,1,16
BRDA:14,912,0,0
BRDA:14,912,1,2
BRDA:14,913,0,0
BRDA:14,913,1,0
BRDA:14,914,0,2
BRDA:14,914,1,2
BRDA:14,915,0,2
BRDA:14,915,1,0
BRDA:14,916,0,0
BRDA:14,916,1,2
BRDA:14,917,0,0
BRDA:14,917,1,0
BRDA:14,918,0,0
BRDA:14,918,1,0
BRDA:14,919,0,0
BRDA:14,919,1,0
BRDA:14,920,0,0
BRDA:14,920,1,0
BRDA:14,921,0,175
BRDA:14,921,1,137
BRDA:14,922,0,0
BRDA:14,922,1,0
BRDA:14,923,0,38
BRDA:14,923,1,38
BRDA:14,924,0,38
BRDA:14,924,1,0
BRDA:14,925,0,38
BRDA:14,925,1,38
BRDA:14,926,0,4
BRDA:14,926,1,34
BRDA:14,927,0,4
BRDA:14,927,1,0
BRDA:14,928,0,4
BRDA:14,928,1,4
BRDA:14,929,0,0
BRDA:14,929,1,0
BRDA:14,930,0,0
BRDA:14,930,1,0
BRDA:14,931,0,0
BRDA:14,931,1,34
BRDA:14,932,0,34
BRDA:14,932,1,0
BRDA:14,933,0,1
BRDA:14,933,1,0
BRDA:14,934,0,1
BRDA:14,934,1,0
BRDA:14,935,0,0
BRDA:14,935,1,0
BRDA:14,936,0,0
BRDA:14,936,1,0
BRDA:14,937,0,1
BRDA:14,937,1,0
BRDA:14,938,0,0
BRDA:14,938,1,0
BRDA:14,939,0,1
BRDA:14,939,1,0
BRDA:14,940,0,0
BRDA:14,940,1,0
BRDA:14,941,0,0
BRDA:14,941,1,1
BRDA:14,942,0,0
BRDA:14,942,1,1
BRDA:14,943,0,1
BRDA:14,943,1,0
BRDA:14,944,0,0
BRDA:14,944,1,0
BRDA:14,945,0,1
BRDA:14,945,1,1
BRDA:14,946,0,0
BRDA:14,946,1,0
BRDA:14,947,0,1
BRDA:14,947,1,0
BRDA:14,947,2,0
BRDA:14,948,0,0
BRDA:14,948,1,0
BRDA:14,949,0,1
BRDA:14,949,1,1
BRDA:14,950,0,1
BRDA:14,950,1,0
BRDA:14,951,0,1
BRDA:14,951,1,0
BRDA:14,951,2,0
BRDA:14,951,3,0
BRDA:14,952,0,1
BRDA:14,952,1,0
BRDA:14,953,0,1
BRDA:14,953,1,1
BRDA:14,954,0,1
BRDA:14,954,1,0
BRDA:14,955,0,0
BRDA:14,955,1,1
BRDA:14,956,0,1
BRDA:14,956,1,0
BRDA:14,957,0,0
BRDA:14,957,1,0
BRDA:14,958,0,0
BRDA:14,958,1,0
BRDA:14,959,0,1
BRDA:14,959,1,0
BRDA:14,960,0,0
BRDA:14,960,1,0
BRDA:14,960,2,0
BRF:2140
BRH:629
end_of_record
TN:
SF:/Users/jacky.chan/Projects/Trio/src/vow/vow.js
FN:6,(anonymous_1)
FN:20,PromiseObj
FN:26,(anonymous_3)
FN:37,(anonymous_4)
FN:48,(anonymous_5)
FN:59,(anonymous_6)
FN:70,(anonymous_7)
FN:77,handleDone
FN:94,handleResolve
FN:123,handleReject
FNF:10
FNH:10
FNDA:6,(anonymous_1)
FNDA:15,PromiseObj
FNDA:10,(anonymous_3)
FNDA:3,(anonymous_4)
FNDA:8,(anonymous_5)
FNDA:1,(anonymous_6)
FNDA:1,(anonymous_7)
FNDA:2,handleDone
FNDA:16,handleResolve
FNDA:2,handleReject
DA:1,1
DA:6,1
DA:7,6
DA:8,6
DA:10,6
DA:11,6
DA:12,6
DA:18,6
DA:20,1
DA:21,15
DA:22,15
DA:24,15
DA:27,10
DA:28,10
DA:30,10
DA:31,8
DA:32,2
DA:33,0
DA:38,3
DA:39,3
DA:41,3
DA:42,1
DA:43,2
DA:44,1
DA:49,8
DA:50,8
DA:52,8
DA:60,1
DA:61,1
DA:63,1
DA:71,1
DA:75,15
DA:77,1
DA:78,2
DA:79,1
DA:80,1
DA:83,1
DA:84,0
DA:85,0
DA:88,1
DA:89,1
DA:90,1
DA:94,1
DA:95,16
DA:96,16
DA:97,8
DA:100,16
DA:101,8
DA:102,0
DA:103,0
DA:106,8
DA:107,8
DA:109,3
DA:110,3
DA:113,8
DA:114,8
DA:115,5
DA:116,5
DA:118,3
DA:123,1
DA:124,2
DA:125,2
DA:126,1
DA:129,2
DA:130,1
DA:131,1
DA:133,0
DA:134,0
DA:137,1
DA:138,1
DA:139,1
DA:140,1
DA:142,0
DA:146,1
DA:147,0
DA:148,0
LF:76
LH:66
BRDA:30,1,0,8
BRDA:30,1,1,2
BRDA:32,2,0,0
BRDA:32,2,1,2
BRDA:41,3,0,1
BRDA:41,3,1,2
BRDA:43,4,0,1
BRDA:43,4,1,1
BRDA:78,5,0,1
BRDA:78,5,1,1
BRDA:79,6,0,1
BRDA:79,6,1,1
BRDA:83,7,0,0
BRDA:83,7,1,1
BRDA:83,8,0,1
BRDA:83,8,1,0
BRDA:88,9,0,1
BRDA:88,9,1,0
BRDA:96,10,0,8
BRDA:96,10,1,8
BRDA:100,11,0,8
BRDA:100,11,1,8
BRDA:101,12,0,0
BRDA:101,12,1,8
BRDA:101,13,0,8
BRDA:101,13,1,4
BRDA:113,14,0,8
BRDA:113,14,1,0
BRDA:114,15,0,5
BRDA:114,15,1,3
BRDA:125,16,0,1
BRDA:125,16,1,1
BRDA:129,17,0,1
BRDA:129,17,1,1
BRDA:137,18,0,1
BRDA:137,18,1,0
BRDA:138,19,0,1
BRDA:138,19,1,0
BRDA:146,20,0,0
BRDA:146,20,1,1
BRDA:147,21,0,0
BRDA:147,21,1,0
BRF:42
BRH:31
end_of_record
TN:
SF:/Users/jacky.chan/Projects/Trio/src/eventBus/eventBus.js
FN:1,(anonymous_1)
FN:3,(anonymous_2)
FN:4,(anonymous_3)
FN:6,(anonymous_4)
FN:9,(anonymous_5)
FN:12,(anonymous_6)
FN:15,(anonymous_7)
FN:23,(anonymous_8)
FN:39,(anonymous_9)
FN:54,makeEachHandler
FN:55,(anonymous_11)
FN:61,(anonymous_12)
FN:67,(anonymous_13)
FN:76,(anonymous_14)
FN:86,unsubsribeOne
FNF:15
FNH:15
FNDA:9,(anonymous_1)
FNDA:11,(anonymous_2)
FNDA:11,(anonymous_3)
FNDA:16,(anonymous_4)
FNDA:9,(anonymous_5)
FNDA:2,(anonymous_6)
FNDA:3,(anonymous_7)
FNDA:16,(anonymous_8)
FNDA:9,(anonymous_9)
FNDA:8,makeEachHandler
FNDA:7,(anonymous_11)
FNDA:2,(anonymous_12)
FNDA:2,(anonymous_13)
FNDA:3,(anonymous_14)
FNDA:6,unsubsribeOne
DA:1,1
DA:2,9
DA:3,9
DA:4,11
DA:5,11
DA:6,11
DA:7,16
DA:9,11
DA:10,9
DA:12,11
DA:13,2
DA:15,11
DA:16,3
DA:18,11
DA:23,1
DA:24,16
DA:25,10
DA:28,16
DA:29,14
DA:32,16
DA:33,1
DA:36,15
DA:39,1
DA:40,9
DA:41,9
DA:43,9
DA:45,9
DA:46,9
DA:47,8
DA:48,8
DA:49,8
DA:54,1
DA:55,8
DA:56,7
DA:61,1
DA:62,2
DA:64,2
DA:65,2
DA:67,2
DA:68,2
DA:69,2
DA:70,2
DA:76,1
DA:77,3
DA:78,1
DA:79,1
DA:82,2
DA:83,5
DA:86,1
DA:87,6
DA:89,6
DA:90,5
LF:52
LH:52
BRDA:24,1,0,10
BRDA:24,1,1,6
BRDA:28,2,0,14
BRDA:28,2,1,2
BRDA:32,3,0,1
BRDA:32,3,1,15
BRDA:40,4,0,9
BRDA:40,4,1,7
BRDA:41,5,0,9
BRDA:41,5,1,7
BRDA:45,6,0,9
BRDA:45,6,1,0
BRDA:48,7,0,8
BRDA:48,7,1,0
BRDA:64,8,0,2
BRDA:64,8,1,0
BRDA:68,9,0,2
BRDA:68,9,1,0
BRDA:77,10,0,1
BRDA:77,10,1,2
BRDA:89,11,0,5
BRDA:89,11,1,1
BRDA:89,12,0,6
BRDA:89,12,1,6
BRF:24
BRH:20
end_of_record
TN:
SF:/Users/jacky.chan/Projects/Trio/src/factory/factory.js
FN:4,(anonymous_1)
FN:8,(anonymous_2)
FN:18,(anonymous_3)
FN:22,(anonymous_4)
FN:26,(anonymous_5)
FN:30,(anonymous_6)
FN:42,(anonymous_7)
FN:58,(anonymous_8)
FN:66,(anonymous_9)
FN:80,(anonymous_10)
FN:83,(anonymous_11)
FN:89,(anonymous_12)
FNF:12
FNH:0
FNDA:0,(anonymous_1)
FNDA:0,(anonymous_2)
FNDA:0,(anonymous_3)
FNDA:0,(anonymous_4)
FNDA:0,(anonymous_5)
FNDA:0,(anonymous_6)
FNDA:0,(anonymous_7)
FNDA:0,(anonymous_8)
FNDA:0,(anonymous_9)
FNDA:0,(anonymous_10)
FNDA:0,(anonymous_11)
FNDA:0,(anonymous_12)
DA:1,1
DA:2,1
DA:4,1
DA:5,0
DA:8,1
DA:9,0
DA:11,0
DA:13,0
DA:14,0
DA:15,0
DA:16,0
DA:18,0
DA:19,0
DA:22,0
DA:23,0
DA:26,0
DA:27,0
DA:30,0
DA:31,0
DA:34,0
DA:35,0
DA:38,0
DA:39,0
DA:42,1
DA:43,0
DA:44,0
DA:45,0
DA:49,0
DA:50,0
DA:51,0
DA:52,0
DA:53,0
DA:54,0
DA:58,1
DA:59,0
DA:60,0
DA:61,0
DA:62,0
DA:66,1
DA:67,0
DA:68,0
DA:69,0
DA:70,0
DA:71,0
DA:72,0
DA:73,0
DA:74,0
DA:75,0
DA:80,1
DA:81,0
DA:83,0
DA:84,0
DA:85,0
DA:89,0
DA:90,0
DA:94,1
LF:56
LH:9
BRDA:11,1,0,0
BRDA:11,1,1,0
BRDA:15,2,0,0
BRDA:15,2,1,0
BRDA:34,3,0,0
BRDA:34,3,1,0
BRDA:43,4,0,0
BRDA:43,4,1,0
BRDA:43,5,0,0
BRDA:43,5,1,0
BRDA:49,6,0,0
BRDA:49,6,1,0
BRDA:59,7,0,0
BRDA:59,7,1,0
BRDA:61,8,0,0
BRDA:61,8,1,0
BRDA:67,9,0,0
BRDA:67,9,1,0
BRDA:73,10,0,0
BRDA:73,10,1,0
BRF:20
BRH:0
end_of_record
TN:
SF:/Users/jacky.chan/Projects/Trio/src/service/service.js
FN:5,(anonymous_1)
FN:9,(anonymous_2)
FN:17,(anonymous_3)
FNF:3
FNH:0
FNDA:0,(anonymous_1)
FNDA:0,(anonymous_2)
FNDA:0,(anonymous_3)
DA:1,1
DA:3,1
DA:5,1
DA:6,0
DA:9,1
DA:10,0
DA:12,0
DA:13,0
DA:17,1
DA:18,0
DA:19,0
DA:20,0
DA:21,0
DA:25,1
LF:14
LH:6
BRDA:12,1,0,0
BRDA:12,1,1,0
BRF:2
BRH:0
end_of_record
TN:
SF:/Users/jacky.chan/Projects/Trio/src/component/component.js
FN:5,(anonymous_1)
FN:17,(anonymous_2)
FN:31,(anonymous_3)
FN:38,(anonymous_4)
FN:44,(anonymous_5)
FN:62,(anonymous_6)
FN:70,(anonymous_7)
FN:77,(anonymous_8)
FN:85,(anonymous_9)
FN:92,(anonymous_10)
FN:105,_addEventListeners
FN:117,_extendPrototype
FNF:12
FNH:7
FNDA:4,(anonymous_1)
FNDA:4,(anonymous_2)
FNDA:2,(anonymous_3)
FNDA:0,(anonymous_4)
FNDA:0,(anonymous_5)
FNDA:1,(anonymous_6)
FNDA:1,(anonymous_7)
FNDA:0,(anonymous_8)
FNDA:0,(anonymous_9)
FNDA:0,(anonymous_10)
FNDA:2,_addEventListeners
FNDA:2,_extendPrototype
DA:1,1
DA:2,1
DA:3,1
DA:5,1
DA:6,4
DA:7,3
DA:10,1
DA:13,1
DA:15,1
DA:17,1
DA:18,4
DA:19,4
DA:21,4
DA:23,4
DA:24,4
DA:26,4
DA:27,4
DA:31,1
DA:32,2
DA:33,0
DA:35,2
DA:38,1
DA:39,0
DA:40,0
DA:44,1
DA:45,0
DA:46,0
DA:50,1
DA:53,1
DA:54,0
DA:58,1
DA:59,1
DA:62,1
DA:63,1
DA:64,1
DA:66,1
DA:68,1
DA:70,1
DA:71,1
DA:72,1
DA:73,1
DA:77,1
DA:78,0
DA:79,0
DA:80,0
DA:82,0
DA:85,1
DA:86,0
DA:87,0
DA:88,0
DA:92,1
DA:93,0
DA:94,0
DA:95,0
DA:99,1
DA:102,1
DA:105,1
DA:106,2
DA:107,0
DA:108,0
DA:109,0
DA:110,0
DA:111,0
DA:113,0
DA:117,1
DA:118,2
DA:119,7
DA:121,0
DA:123,2
DA:125,0
DA:127,0
DA:129,0
DA:131,2
DA:133,1
DA:135,1
DA:137,0
DA:139,1
LF:77
LH:50
BRDA:6,1,0,3
BRDA:6,1,1,1
BRDA:23,2,0,4
BRDA:23,2,1,0
BRDA:26,3,0,4
BRDA:26,3,1,0
BRDA:32,4,0,0
BRDA:32,4,1,2
BRDA:39,5,0,0
BRDA:39,5,1,0
BRDA:45,6,0,0
BRDA:45,6,1,0
BRDA:53,7,0,0
BRDA:53,7,1,1
BRDA:72,8,0,1
BRDA:72,8,1,0
BRDA:79,9,0,0
BRDA:79,9,1,0
BRDA:87,10,0,0
BRDA:87,10,1,0
BRDA:94,11,0,0
BRDA:94,11,1,0
BRDA:119,12,0,0
BRDA:119,12,1,2
BRDA:119,12,2,0
BRDA:119,12,3,0
BRDA:119,12,4,0
BRDA:119,12,5,2
BRDA:119,12,6,1
BRDA:119,12,7,1
BRDA:119,12,8,0
BRDA:119,12,9,1
BRF:32
BRH:12
end_of_record
TN:
SF:/Users/jacky.chan/Projects/Trio/src/stylizer/stylizer.js
FN:4,(anonymous_1)
FN:6,(anonymous_2)
FN:23,(anonymous_3)
FN:30,(anonymous_4)
FN:34,(anonymous_5)
FN:38,(anonymous_6)
FN:46,(anonymous_7)
FN:50,componentToHex
FN:56,(anonymous_9)
FN:65,(anonymous_10)
FN:75,(anonymous_11)
FNF:11
FNH:11
FNDA:8,(anonymous_1)
FNDA:6,(anonymous_2)
FNDA:5,(anonymous_3)
FNDA:1,(anonymous_4)
FNDA:2,(anonymous_5)
FNDA:2,(anonymous_6)
FNDA:1,(anonymous_7)
FNDA:3,componentToHex
FNDA:1,(anonymous_9)
FNDA:1,(anonymous_10)
FNDA:1,(anonymous_11)
DA:1,1
DA:2,1
DA:4,1
DA:6,1
DA:7,6
DA:9,6
DA:10,4
DA:11,4
DA:12,4
DA:13,12
DA:14,12
DA:16,4
DA:17,4
DA:20,6
DA:23,1
DA:24,5
DA:25,5
DA:26,5
DA:27,5
DA:30,1
DA:31,1
DA:34,1
DA:35,2
DA:38,1
DA:39,2
DA:40,0
DA:41,0
DA:43,2
DA:46,1
DA:47,1
DA:48,1
DA:50,1
DA:51,3
DA:52,3
DA:56,1
DA:57,1
DA:58,1
DA:65,1
DA:66,1
DA:67,1
DA:75,1
DA:76,1
DA:77,0
DA:78,0
DA:80,1
LF:45
LH:41
BRDA:39,1,0,0
BRDA:39,1,1,2
BRDA:52,2,0,0
BRDA:52,2,1,3
BRDA:58,3,0,1
BRDA:58,3,1,0
BRDA:67,4,0,1
BRDA:67,4,1,0
BRDA:76,5,0,0
BRDA:76,5,1,1
BRF:10
BRH:5
end_of_record
TN:
SF:/Users/jacky.chan/Projects/Trio/src/module/module.js
FN:3,(anonymous_1)
FN:5,(anonymous_2)
FN:13,(anonymous_3)
FN:18,(anonymous_4)
FN:28,(anonymous_5)
FN:29,(anonymous_6)
FN:31,(anonymous_7)
FN:39,(anonymous_8)
FN:45,_import
FN:63,(anonymous_10)
FN:68,(anonymous_11)
FNF:11
FNH:1
FNDA:1,(anonymous_1)
FNDA:0,(anonymous_2)
FNDA:0,(anonymous_3)
FNDA:0,(anonymous_4)
FNDA:0,(anonymous_5)
FNDA:0,(anonymous_6)
FNDA:0,(anonymous_7)
FNDA:0,(anonymous_8)
FNDA:0,_import
FNDA:0,(anonymous_10)
FNDA:0,(anonymous_11)
DA:1,1
DA:3,1
DA:5,1
DA:6,0
DA:7,0
DA:10,0
DA:11,0
DA:13,0
DA:14,0
DA:18,1
DA:19,0
DA:20,0
DA:21,0
DA:22,0
DA:23,0
DA:25,0
DA:27,0
DA:28,0
DA:29,0
DA:30,0
DA:32,0
DA:33,0
DA:39,0
DA:40,0
DA:43,0
DA:45,1
DA:46,0
DA:48,0
DA:49,0
DA:52,0
DA:53,0
DA:56,0
DA:58,0
DA:59,0
DA:61,0
DA:62,0
DA:63,0
DA:64,0
DA:66,0
DA:68,0
DA:69,0
DA:70,0
DA:71,0
DA:72,0
DA:74,0
DA:78,0
DA:79,0
DA:82,0
DA:84,0
LF:49
LH:5
BRDA:6,1,0,0
BRDA:6,1,1,0
BRDA:10,2,0,0
BRDA:10,2,1,0
BRDA:48,3,0,0
BRDA:48,3,1,0
BRDA:52,4,0,0
BRDA:52,4,1,0
BRDA:58,5,0,0
BRDA:58,5,1,0
BRDA:71,6,0,0
BRDA:71,6,1,0
BRF:12
BRH:0
end_of_record
TN:
SF:/Users/jacky.chan/Projects/Trio/src/resource/resource.js
FN:2,(anonymous_1)
FN:15,_updateStore
FN:18,(anonymous_3)
FN:26,(anonymous_4)
FN:36,_parse
FN:44,(anonymous_6)
FN:50,(anonymous_7)
FN:52,(anonymous_8)
FN:61,(anonymous_9)
FNF:9
FNH:1
FNDA:0,(anonymous_1)
FNDA:0,_updateStore
FNDA:0,(anonymous_3)
FNDA:0,(anonymous_4)
FNDA:0,_parse
FNDA:0,(anonymous_6)
FNDA:1,(anonymous_7)
FNDA:0,(anonymous_8)
FNDA:0,(anonymous_9)
DA:1,1
DA:3,0
DA:4,0
DA:6,0
DA:7,0
DA:8,0
DA:9,0
DA:11,0
DA:15,1
DA:16,0
DA:17,0
DA:18,0
DA:19,0
DA:21,0
DA:22,0
DA:25,0
DA:26,0
DA:27,0
DA:29,0
DA:30,0
DA:33,0
DA:36,1
DA:37,0
DA:38,0
DA:40,0
DA:45,0
DA:49,1
DA:50,1
DA:52,1
DA:53,0
DA:54,0
DA:57,0
DA:58,0
DA:61,1
DA:62,0
LF:35
LH:7
BRDA:3,1,0,0
BRDA:3,1,1,0
BRDA:4,2,0,0
BRDA:4,2,1,0
BRDA:6,3,0,0
BRDA:6,3,1,0
BRDA:7,4,0,0
BRDA:7,4,1,0
BRDA:8,5,0,0
BRDA:8,5,1,0
BRDA:9,6,0,0
BRDA:9,6,1,0
BRDA:16,7,0,0
BRDA:16,7,1,0
BRDA:17,8,0,0
BRDA:17,8,1,0
BRDA:21,9,0,0
BRDA:21,9,1,0
BRDA:25,10,0,0
BRDA:25,10,1,0
BRDA:29,11,0,0
BRDA:29,11,1,0
BRDA:37,12,0,0
BRDA:37,12,1,0
BRDA:53,13,0,0
BRDA:53,13,1,0
BRDA:62,14,0,0
BRDA:62,14,1,0
BRF:28
BRH:0
end_of_record
TN:
SF:/Users/jacky.chan/Projects/Trio/src/renderer/renderer.js
FN:1,(anonymous_1)
FN:3,(anonymous_2)
FN:7,(anonymous_3)
FN:22,(anonymous_4)
FN:24,(anonymous_5)
FN:40,(anonymous_6)
FN:41,(anonymous_7)
FN:56,(anonymous_8)
FN:57,(anonymous_9)
FN:68,(anonymous_10)
FN:69,(anonymous_11)
FN:80,(anonymous_12)
FN:81,(anonymous_13)
FN:92,(anonymous_14)
FN:93,(anonymous_15)
FN:108,(anonymous_16)
FN:109,(anonymous_17)
FN:125,(anonymous_18)
FN:126,(anonymous_19)
FN:137,(anonymous_20)
FN:138,(anonymous_21)
FN:150,(anonymous_22)
FN:151,(anonymous_23)
FN:161,(anonymous_24)
FN:162,(anonymous_25)
FN:174,(anonymous_26)
FN:175,(anonymous_27)
FN:186,(anonymous_28)
FN:188,(anonymous_29)
FN:197,(anonymous_30)
FN:216,grabLast
FN:220,hasClass
FN:224,parseTag
FN:225,(anonymous_34)
FN:230,evaluate
FNF:35
FNH:33
FNDA:6,(anonymous_1)
FNDA:9,(anonymous_2)
FNDA:9,(anonymous_3)
FNDA:20,(anonymous_4)
FNDA:23,(anonymous_5)
FNDA:6,(anonymous_6)
FNDA:6,(anonymous_7)
FNDA:0,(anonymous_8)
FNDA:0,(anonymous_9)
FNDA:2,(anonymous_10)
FNDA:2,(anonymous_11)
FNDA:3,(anonymous_12)
FNDA:3,(anonymous_13)
FNDA:1,(anonymous_14)
FNDA:1,(anonymous_15)
FNDA:11,(anonymous_16)
FNDA:14,(anonymous_17)
FNDA:9,(anonymous_18)
FNDA:9,(anonymous_19)
FNDA:1,(anonymous_20)
FNDA:1,(anonymous_21)
FNDA:1,(anonymous_22)
FNDA:1,(anonymous_23)
FNDA:1,(anonymous_24)
FNDA:1,(anonymous_25)
FNDA:2,(anonymous_26)
FNDA:2,(anonymous_27)
FNDA:9,(anonymous_28)
FNDA:57,(anonymous_29)
FNDA:5,(anonymous_30)
FNDA:24,grabLast
FNDA:7,hasClass
FNDA:20,parseTag
FNDA:15,(anonymous_34)
FNDA:19,evaluate
DA:1,1
DA:3,1
DA:4,9
DA:7,1
DA:8,9
DA:9,9
DA:10,9
DA:11,9
DA:12,9
DA:13,9
DA:22,1
DA:23,20
DA:24,20
DA:25,23
DA:26,23
DA:27,17
DA:28,6
DA:29,1
DA:31,23
DA:33,20
DA:37,20
DA:40,1
DA:41,6
DA:42,6
DA:43,6
DA:44,6
DA:45,6
DA:46,6
DA:49,6
DA:53,6
DA:56,1
DA:57,0
DA:58,0
DA:59,0
DA:61,0
DA:65,0
DA:68,1
DA:69,2
DA:70,2
DA:71,2
DA:73,2
DA:77,2
DA:80,1
DA:81,3
DA:82,3
DA:83,3
DA:85,3
DA:89,3
DA:92,1
DA:93,1
DA:94,1
DA:95,1
DA:96,1
DA:97,1
DA:98,1
DA:101,1
DA:105,1
DA:108,1
DA:109,11
DA:110,14
DA:111,14
DA:112,2
DA:114,12
DA:115,12
DA:118,11
DA:122,11
DA:125,1
DA:126,9
DA:127,9
DA:128,9
DA:130,9
DA:134,9
DA:137,1
DA:138,1
DA:139,1
DA:140,1
DA:141,1
DA:143,1
DA:147,1
DA:150,1
DA:151,1
DA:152,1
DA:154,1
DA:158,1
DA:161,1
DA:162,1
DA:163,1
DA:164,1
DA:165,1
DA:167,1
DA:171,1
DA:174,1
DA:175,2
DA:176,2
DA:177,2
DA:179,2
DA:183,2
DA:186,1
DA:187,9
DA:188,9
DA:189,57
DA:191,6
DA:192,4
DA:194,6
DA:196,3
DA:197,1
DA:198,5
DA:199,10
DA:200,10
DA:203,1
DA:205,3
DA:207,48
DA:208,48
DA:213,9
DA:216,1
DA:217,24
DA:220,1
DA:221,7
DA:224,1
DA:225,20
DA:227,20
DA:230,1
DA:231,19
DA:233,2
DA:235,17
LF:125
LH:120
BRDA:26,1,0,17
BRDA:26,1,1,6
BRDA:28,2,0,1
BRDA:28,2,1,5
BRDA:44,3,0,5
BRDA:44,3,1,1
BRDA:45,4,0,6
BRDA:45,4,1,0
BRDA:96,5,0,1
BRDA:96,5,1,0
BRDA:111,6,0,2
BRDA:111,6,1,12
BRDA:189,7,0,6
BRDA:189,7,1,3
BRDA:189,7,2,48
BRDA:191,8,0,4
BRDA:191,8,1,2
BRDA:191,9,0,6
BRDA:191,9,1,3
BRDA:191,9,2,3
BRDA:196,10,0,1
BRDA:196,10,1,2
BRDA:231,11,0,2
BRDA:231,11,1,17
BRF:24
BRH:22
end_of_record
TN:
SF:/Users/jacky.chan/Projects/Trio/src/index.js
FN:15,(anonymous_1)
FNF:1
FNH:0
FNDA:0,(anonymous_1)
DA:1,1
DA:3,1
DA:15,1
DA:16,0
DA:19,1
DA:20,0
DA:22,1
LF:7
LH:5
BRDA:19,1,0,0
BRDA:19,1,1,1
BRDA:19,2,0,1
BRDA:19,2,1,1
BRF:4
BRH:3
end_of_record
