TN:
SF:/Users/jacky.chan/Projects/Trio/src/helpers/ajax.js
FN:1,ajax
FN:16,(anonymous_2)
FNF:2
FNH:0
FNDA:0,ajax
FNDA:0,(anonymous_2)
DA:1,1
DA:2,0
DA:3,0
DA:5,0
DA:6,0
DA:9,0
DA:10,0
DA:12,0
DA:13,0
DA:16,0
DA:17,0
DA:18,0
DA:20,0
DA:24,0
DA:25,0
DA:27,0
DA:30,0
LF:17
LH:1
BRDA:5,1,0,0
BRDA:5,1,1,0
BRDA:17,2,0,0
BRDA:17,2,1,0
BRDA:17,3,0,0
BRDA:17,3,1,0
BRDA:24,4,0,0
BRDA:24,4,1,0
BRF:8
BRH:0
end_of_record
TN:
SF:/Users/jacky.chan/Projects/Trio/src/helpers/defaults.js
FN:1,defaults
FNF:1
FNH:0
FNDA:0,defaults
DA:1,1
DA:2,0
DA:4,0
DA:5,0
DA:6,0
DA:10,0
LF:6
LH:1
BRDA:2,1,0,0
BRDA:2,1,1,0
BRDA:5,2,0,0
BRDA:5,2,1,0
BRF:4
BRH:0
end_of_record
TN:
SF:/Users/jacky.chan/Projects/Trio/src/helpers/extend.js
FN:1,extend
FN:9,(anonymous_2)
FNF:2
FNH:1
FNDA:1,extend
FNDA:0,(anonymous_2)
DA:1,1
DA:2,1
DA:4,1
DA:5,0
DA:8,1
DA:9,1
DA:10,0
DA:11,0
DA:13,0
DA:16,1
DA:18,1
DA:19,5
DA:20,5
DA:24,1
DA:25,2
DA:26,2
DA:27,2
DA:28,2
DA:30,0
DA:35,1
DA:37,1
LF:21
LH:16
BRDA:4,1,0,0
BRDA:4,1,1,1
BRDA:19,2,0,5
BRDA:19,2,1,0
BRDA:25,3,0,2
BRDA:25,3,1,0
BRDA:27,4,0,2
BRDA:27,4,1,0
BRF:8
BRH:4
end_of_record
TN:
SF:/Users/jacky.chan/Projects/Trio/src/helpers/idGenerator.js
FN:1,idGenerator
FN:4,(anonymous_2)
FNF:2
FNH:1
FNDA:3,idGenerator
FNDA:0,(anonymous_2)
DA:1,1
DA:2,3
DA:4,3
DA:5,0
DA:6,0
DA:7,0
LF:6
LH:3
BRF:0
BRH:0
end_of_record
TN:
SF:/Users/jacky.chan/Projects/Trio/src/helpers/param.js
FN:1,param
FNF:1
FNH:0
FNDA:0,param
DA:1,1
DA:2,0
DA:3,0
DA:4,0
DA:5,0
DA:6,0
DA:8,0
DA:11,0
LF:8
LH:1
BRDA:4,1,0,0
BRDA:4,1,1,0
BRDA:5,2,0,0
BRDA:5,2,1,0
BRF:4
BRH:0
end_of_record
TN:
SF:/Users/jacky.chan/Projects/Trio/src/vow/vow.js
FN:7,(anonymous_1)
FN:21,PromiseObj
FN:27,(anonymous_3)
FN:38,(anonymous_4)
FN:49,(anonymous_5)
FN:60,(anonymous_6)
FN:71,(anonymous_7)
FN:78,handleDone
FN:95,handleResolve
FN:124,handleReject
FNF:10
FNH:6
FNDA:2,(anonymous_1)
FNDA:6,PromiseObj
FNDA:5,(anonymous_3)
FNDA:0,(anonymous_4)
FNDA:4,(anonymous_5)
FNDA:0,(anonymous_6)
FNDA:0,(anonymous_7)
FNDA:1,handleDone
FNDA:8,handleResolve
FNDA:0,handleReject
DA:2,1
DA:7,1
DA:8,2
DA:9,2
DA:11,2
DA:12,2
DA:13,2
DA:19,2
DA:21,1
DA:22,6
DA:23,6
DA:25,6
DA:28,5
DA:29,5
DA:31,5
DA:32,4
DA:34,1
DA:39,0
DA:40,0
DA:42,0
DA:43,0
DA:45,0
DA:50,4
DA:51,4
DA:53,4
DA:61,0
DA:62,0
DA:64,0
DA:72,0
DA:76,6
DA:78,1
DA:79,1
DA:80,0
DA:81,0
DA:84,1
DA:85,0
DA:86,0
DA:89,1
DA:90,0
DA:91,0
DA:95,1
DA:96,8
DA:97,8
DA:98,4
DA:101,8
DA:102,4
DA:103,0
DA:104,0
DA:107,4
DA:108,4
DA:110,0
DA:111,0
DA:114,4
DA:115,4
DA:116,4
DA:117,4
DA:119,0
DA:124,1
DA:125,0
DA:126,0
DA:127,0
DA:130,0
DA:131,0
DA:132,0
DA:134,0
DA:135,0
DA:138,0
DA:139,0
DA:140,0
DA:141,0
DA:143,0
DA:147,0
DA:148,0
DA:149,0
LF:74
LH:38
BRDA:31,1,0,4
BRDA:31,1,1,1
BRDA:42,2,0,0
BRDA:42,2,1,0
BRDA:79,3,0,0
BRDA:79,3,1,1
BRDA:84,4,0,0
BRDA:84,4,1,1
BRDA:84,5,0,1
BRDA:84,5,1,1
BRDA:89,6,0,0
BRDA:89,6,1,1
BRDA:97,7,0,4
BRDA:97,7,1,4
BRDA:101,8,0,4
BRDA:101,8,1,4
BRDA:102,9,0,0
BRDA:102,9,1,4
BRDA:102,10,0,4
BRDA:102,10,1,3
BRDA:114,11,0,4
BRDA:114,11,1,0
BRDA:115,12,0,4
BRDA:115,12,1,0
BRDA:126,13,0,0
BRDA:126,13,1,0
BRDA:130,14,0,0
BRDA:130,14,1,0
BRDA:138,15,0,0
BRDA:138,15,1,0
BRDA:139,16,0,0
BRDA:139,16,1,0
BRDA:147,17,0,0
BRDA:147,17,1,0
BRDA:148,18,0,0
BRDA:148,18,1,0
BRF:36
BRH:16
end_of_record
TN:
SF:/Users/jacky.chan/Projects/Trio/src/eventBus/eventBus.js
FN:1,(anonymous_1)
FN:3,(anonymous_2)
FN:4,(anonymous_3)
FN:6,(anonymous_4)
FN:9,(anonymous_5)
FN:12,(anonymous_6)
FN:15,(anonymous_7)
FN:23,(anonymous_8)
FN:39,(anonymous_9)
FN:54,makeEachHandler
FN:55,(anonymous_11)
FN:61,(anonymous_12)
FN:67,(anonymous_13)
FN:76,(anonymous_14)
FN:86,unsubsribeOne
FNF:15
FNH:15
FNDA:9,(anonymous_1)
FNDA:11,(anonymous_2)
FNDA:11,(anonymous_3)
FNDA:16,(anonymous_4)
FNDA:9,(anonymous_5)
FNDA:2,(anonymous_6)
FNDA:3,(anonymous_7)
FNDA:16,(anonymous_8)
FNDA:9,(anonymous_9)
FNDA:8,makeEachHandler
FNDA:7,(anonymous_11)
FNDA:2,(anonymous_12)
FNDA:2,(anonymous_13)
FNDA:3,(anonymous_14)
FNDA:6,unsubsribeOne
DA:1,1
DA:2,9
DA:3,9
DA:4,11
DA:5,11
DA:6,11
DA:7,16
DA:9,11
DA:10,9
DA:12,11
DA:13,2
DA:15,11
DA:16,3
DA:18,11
DA:23,1
DA:24,16
DA:25,10
DA:28,16
DA:29,14
DA:32,16
DA:33,1
DA:36,15
DA:39,1
DA:40,9
DA:41,9
DA:43,9
DA:45,9
DA:46,9
DA:47,8
DA:48,8
DA:49,8
DA:54,1
DA:55,8
DA:56,7
DA:61,1
DA:62,2
DA:64,2
DA:65,2
DA:67,2
DA:68,2
DA:69,2
DA:70,2
DA:76,1
DA:77,3
DA:78,1
DA:79,1
DA:82,2
DA:83,5
DA:86,1
DA:87,6
DA:89,6
DA:90,5
LF:52
LH:52
BRDA:24,1,0,10
BRDA:24,1,1,6
BRDA:28,2,0,14
BRDA:28,2,1,2
BRDA:32,3,0,1
BRDA:32,3,1,15
BRDA:40,4,0,9
BRDA:40,4,1,7
BRDA:41,5,0,9
BRDA:41,5,1,7
BRDA:45,6,0,9
BRDA:45,6,1,0
BRDA:48,7,0,8
BRDA:48,7,1,0
BRDA:64,8,0,2
BRDA:64,8,1,0
BRDA:68,9,0,2
BRDA:68,9,1,0
BRDA:77,10,0,1
BRDA:77,10,1,2
BRDA:89,11,0,5
BRDA:89,11,1,1
BRDA:89,12,0,6
BRDA:89,12,1,6
BRF:24
BRH:20
end_of_record
TN:
SF:/Users/jacky.chan/Projects/Trio/src/factory/factory.js
FN:4,(anonymous_1)
FN:8,(anonymous_2)
FN:18,(anonymous_3)
FN:22,(anonymous_4)
FN:26,(anonymous_5)
FN:30,(anonymous_6)
FN:42,(anonymous_7)
FN:58,(anonymous_8)
FN:66,(anonymous_9)
FN:80,(anonymous_10)
FN:83,(anonymous_11)
FN:89,(anonymous_12)
FNF:12
FNH:0
FNDA:0,(anonymous_1)
FNDA:0,(anonymous_2)
FNDA:0,(anonymous_3)
FNDA:0,(anonymous_4)
FNDA:0,(anonymous_5)
FNDA:0,(anonymous_6)
FNDA:0,(anonymous_7)
FNDA:0,(anonymous_8)
FNDA:0,(anonymous_9)
FNDA:0,(anonymous_10)
FNDA:0,(anonymous_11)
FNDA:0,(anonymous_12)
DA:1,1
DA:2,1
DA:4,1
DA:5,0
DA:8,1
DA:9,0
DA:11,0
DA:13,0
DA:14,0
DA:15,0
DA:16,0
DA:18,0
DA:19,0
DA:22,0
DA:23,0
DA:26,0
DA:27,0
DA:30,0
DA:31,0
DA:34,0
DA:35,0
DA:38,0
DA:39,0
DA:42,1
DA:43,0
DA:44,0
DA:45,0
DA:49,0
DA:50,0
DA:51,0
DA:52,0
DA:53,0
DA:54,0
DA:58,1
DA:59,0
DA:60,0
DA:61,0
DA:62,0
DA:66,1
DA:67,0
DA:68,0
DA:69,0
DA:70,0
DA:71,0
DA:72,0
DA:73,0
DA:74,0
DA:75,0
DA:80,1
DA:81,0
DA:83,0
DA:84,0
DA:85,0
DA:89,0
DA:90,0
DA:94,1
LF:56
LH:9
BRDA:11,1,0,0
BRDA:11,1,1,0
BRDA:15,2,0,0
BRDA:15,2,1,0
BRDA:34,3,0,0
BRDA:34,3,1,0
BRDA:43,4,0,0
BRDA:43,4,1,0
BRDA:43,5,0,0
BRDA:43,5,1,0
BRDA:49,6,0,0
BRDA:49,6,1,0
BRDA:59,7,0,0
BRDA:59,7,1,0
BRDA:61,8,0,0
BRDA:61,8,1,0
BRDA:67,9,0,0
BRDA:67,9,1,0
BRDA:73,10,0,0
BRDA:73,10,1,0
BRF:20
BRH:0
end_of_record
TN:
SF:/Users/jacky.chan/Projects/Trio/src/service/service.js
FN:5,(anonymous_1)
FN:9,(anonymous_2)
FN:17,(anonymous_3)
FNF:3
FNH:0
FNDA:0,(anonymous_1)
FNDA:0,(anonymous_2)
FNDA:0,(anonymous_3)
DA:1,1
DA:3,1
DA:5,1
DA:6,0
DA:9,1
DA:10,0
DA:12,0
DA:13,0
DA:17,1
DA:18,0
DA:19,0
DA:20,0
DA:21,0
DA:25,1
LF:14
LH:6
BRDA:12,1,0,0
BRDA:12,1,1,0
BRF:2
BRH:0
end_of_record
TN:
SF:/Users/jacky.chan/Projects/Trio/src/component/component.js
FN:5,(anonymous_1)
FN:17,(anonymous_2)
FN:31,(anonymous_3)
FN:38,(anonymous_4)
FN:44,(anonymous_5)
FN:62,(anonymous_6)
FN:70,(anonymous_7)
FN:77,(anonymous_8)
FN:85,(anonymous_9)
FN:92,(anonymous_10)
FN:105,_addEventListeners
FN:117,_extendPrototype
FNF:12
FNH:0
FNDA:0,(anonymous_1)
FNDA:0,(anonymous_2)
FNDA:0,(anonymous_3)
FNDA:0,(anonymous_4)
FNDA:0,(anonymous_5)
FNDA:0,(anonymous_6)
FNDA:0,(anonymous_7)
FNDA:0,(anonymous_8)
FNDA:0,(anonymous_9)
FNDA:0,(anonymous_10)
FNDA:0,_addEventListeners
FNDA:0,_extendPrototype
DA:1,1
DA:2,1
DA:3,1
DA:5,1
DA:6,0
DA:7,0
DA:10,0
DA:13,0
DA:15,0
DA:17,0
DA:18,0
DA:19,0
DA:21,0
DA:23,0
DA:24,0
DA:26,0
DA:27,0
DA:31,0
DA:32,0
DA:33,0
DA:35,0
DA:38,0
DA:39,0
DA:40,0
DA:44,0
DA:45,0
DA:46,0
DA:50,0
DA:53,0
DA:54,0
DA:58,0
DA:59,0
DA:62,1
DA:63,0
DA:64,0
DA:66,0
DA:68,0
DA:70,0
DA:71,0
DA:72,0
DA:73,0
DA:77,0
DA:78,0
DA:79,0
DA:80,0
DA:82,0
DA:85,0
DA:86,0
DA:87,0
DA:88,0
DA:92,0
DA:93,0
DA:94,0
DA:95,0
DA:99,0
DA:102,0
DA:105,1
DA:106,0
DA:107,0
DA:108,0
DA:109,0
DA:110,0
DA:111,0
DA:113,0
DA:117,1
DA:118,0
DA:119,0
DA:121,0
DA:123,0
DA:125,0
DA:127,0
DA:129,0
DA:131,0
DA:133,0
DA:135,0
DA:137,0
DA:139,0
LF:77
LH:7
BRDA:6,1,0,0
BRDA:6,1,1,0
BRDA:23,2,0,0
BRDA:23,2,1,0
BRDA:26,3,0,0
BRDA:26,3,1,0
BRDA:32,4,0,0
BRDA:32,4,1,0
BRDA:39,5,0,0
BRDA:39,5,1,0
BRDA:45,6,0,0
BRDA:45,6,1,0
BRDA:53,7,0,0
BRDA:53,7,1,0
BRDA:72,8,0,0
BRDA:72,8,1,0
BRDA:79,9,0,0
BRDA:79,9,1,0
BRDA:87,10,0,0
BRDA:87,10,1,0
BRDA:94,11,0,0
BRDA:94,11,1,0
BRDA:119,12,0,0
BRDA:119,12,1,0
BRDA:119,12,2,0
BRDA:119,12,3,0
BRDA:119,12,4,0
BRDA:119,12,5,0
BRDA:119,12,6,0
BRDA:119,12,7,0
BRDA:119,12,8,0
BRDA:119,12,9,0
BRF:32
BRH:0
end_of_record
TN:
SF:/Users/jacky.chan/Projects/Trio/src/stylizer/stylizer.js
FN:4,(anonymous_1)
FN:6,(anonymous_2)
FN:23,(anonymous_3)
FN:30,(anonymous_4)
FN:34,(anonymous_5)
FN:38,(anonymous_6)
FN:46,(anonymous_7)
FN:50,componentToHex
FN:56,(anonymous_9)
FN:65,(anonymous_10)
FN:75,(anonymous_11)
FNF:11
FNH:1
FNDA:1,(anonymous_1)
FNDA:0,(anonymous_2)
FNDA:0,(anonymous_3)
FNDA:0,(anonymous_4)
FNDA:0,(anonymous_5)
FNDA:0,(anonymous_6)
FNDA:0,(anonymous_7)
FNDA:0,componentToHex
FNDA:0,(anonymous_9)
FNDA:0,(anonymous_10)
FNDA:0,(anonymous_11)
DA:1,1
DA:2,1
DA:4,1
DA:6,1
DA:7,0
DA:9,0
DA:10,0
DA:11,0
DA:12,0
DA:13,0
DA:14,0
DA:16,0
DA:17,0
DA:20,0
DA:23,1
DA:24,0
DA:25,0
DA:26,0
DA:27,0
DA:30,1
DA:31,0
DA:34,1
DA:35,0
DA:38,1
DA:39,0
DA:40,0
DA:41,0
DA:43,0
DA:46,1
DA:47,0
DA:48,0
DA:50,1
DA:51,0
DA:52,0
DA:56,1
DA:57,0
DA:58,0
DA:65,1
DA:66,0
DA:67,0
DA:75,1
DA:76,0
DA:77,0
DA:78,0
DA:80,0
LF:45
LH:13
BRDA:39,1,0,0
BRDA:39,1,1,0
BRDA:52,2,0,0
BRDA:52,2,1,0
BRDA:58,3,0,0
BRDA:58,3,1,0
BRDA:67,4,0,0
BRDA:67,4,1,0
BRDA:76,5,0,0
BRDA:76,5,1,0
BRF:10
BRH:0
end_of_record
TN:
SF:/Users/jacky.chan/Projects/Trio/src/module/module.js
FN:3,(anonymous_1)
FN:5,(anonymous_2)
FN:13,(anonymous_3)
FN:18,(anonymous_4)
FN:28,(anonymous_5)
FN:29,(anonymous_6)
FN:31,(anonymous_7)
FN:39,(anonymous_8)
FN:45,_import
FN:63,(anonymous_10)
FN:68,(anonymous_11)
FNF:11
FNH:1
FNDA:1,(anonymous_1)
FNDA:0,(anonymous_2)
FNDA:0,(anonymous_3)
FNDA:0,(anonymous_4)
FNDA:0,(anonymous_5)
FNDA:0,(anonymous_6)
FNDA:0,(anonymous_7)
FNDA:0,(anonymous_8)
FNDA:0,_import
FNDA:0,(anonymous_10)
FNDA:0,(anonymous_11)
DA:1,1
DA:3,1
DA:5,1
DA:6,0
DA:7,0
DA:10,0
DA:11,0
DA:13,0
DA:14,0
DA:18,1
DA:19,0
DA:20,0
DA:21,0
DA:22,0
DA:23,0
DA:25,0
DA:27,0
DA:28,0
DA:29,0
DA:30,0
DA:32,0
DA:33,0
DA:39,0
DA:40,0
DA:43,0
DA:45,1
DA:46,0
DA:48,0
DA:49,0
DA:52,0
DA:53,0
DA:56,0
DA:58,0
DA:59,0
DA:61,0
DA:62,0
DA:63,0
DA:64,0
DA:66,0
DA:68,0
DA:69,0
DA:70,0
DA:71,0
DA:72,0
DA:74,0
DA:78,0
DA:79,0
DA:82,0
DA:84,0
LF:49
LH:5
BRDA:6,1,0,0
BRDA:6,1,1,0
BRDA:10,2,0,0
BRDA:10,2,1,0
BRDA:48,3,0,0
BRDA:48,3,1,0
BRDA:52,4,0,0
BRDA:52,4,1,0
BRDA:58,5,0,0
BRDA:58,5,1,0
BRDA:71,6,0,0
BRDA:71,6,1,0
BRF:12
BRH:0
end_of_record
TN:
SF:/Users/jacky.chan/Projects/Trio/src/resource/resource.js
FN:2,(anonymous_1)
FN:15,_updateStore
FN:18,(anonymous_3)
FN:26,(anonymous_4)
FN:36,_parse
FN:44,(anonymous_6)
FN:50,(anonymous_7)
FN:52,(anonymous_8)
FN:61,(anonymous_9)
FNF:9
FNH:1
FNDA:0,(anonymous_1)
FNDA:0,_updateStore
FNDA:0,(anonymous_3)
FNDA:0,(anonymous_4)
FNDA:0,_parse
FNDA:0,(anonymous_6)
FNDA:1,(anonymous_7)
FNDA:0,(anonymous_8)
FNDA:0,(anonymous_9)
DA:1,1
DA:3,0
DA:4,0
DA:6,0
DA:7,0
DA:8,0
DA:9,0
DA:11,0
DA:15,1
DA:16,0
DA:17,0
DA:18,0
DA:19,0
DA:21,0
DA:22,0
DA:25,0
DA:26,0
DA:27,0
DA:29,0
DA:30,0
DA:33,0
DA:36,1
DA:37,0
DA:38,0
DA:40,0
DA:45,0
DA:49,1
DA:50,1
DA:52,1
DA:53,0
DA:54,0
DA:57,0
DA:58,0
DA:61,1
DA:62,0
LF:35
LH:7
BRDA:3,1,0,0
BRDA:3,1,1,0
BRDA:4,2,0,0
BRDA:4,2,1,0
BRDA:6,3,0,0
BRDA:6,3,1,0
BRDA:7,4,0,0
BRDA:7,4,1,0
BRDA:8,5,0,0
BRDA:8,5,1,0
BRDA:9,6,0,0
BRDA:9,6,1,0
BRDA:16,7,0,0
BRDA:16,7,1,0
BRDA:17,8,0,0
BRDA:17,8,1,0
BRDA:21,9,0,0
BRDA:21,9,1,0
BRDA:25,10,0,0
BRDA:25,10,1,0
BRDA:29,11,0,0
BRDA:29,11,1,0
BRDA:37,12,0,0
BRDA:37,12,1,0
BRDA:53,13,0,0
BRDA:53,13,1,0
BRDA:62,14,0,0
BRDA:62,14,1,0
BRF:28
BRH:0
end_of_record
TN:
SF:/Users/jacky.chan/Projects/Trio/src/renderer/renderer.js
FN:1,(anonymous_1)
FN:3,(anonymous_2)
FN:7,(anonymous_3)
FN:22,(anonymous_4)
FN:24,(anonymous_5)
FN:40,(anonymous_6)
FN:41,(anonymous_7)
FN:56,(anonymous_8)
FN:57,(anonymous_9)
FN:68,(anonymous_10)
FN:69,(anonymous_11)
FN:80,(anonymous_12)
FN:81,(anonymous_13)
FN:92,(anonymous_14)
FN:93,(anonymous_15)
FN:108,(anonymous_16)
FN:109,(anonymous_17)
FN:125,(anonymous_18)
FN:126,(anonymous_19)
FN:137,(anonymous_20)
FN:138,(anonymous_21)
FN:150,(anonymous_22)
FN:151,(anonymous_23)
FN:161,(anonymous_24)
FN:162,(anonymous_25)
FN:174,(anonymous_26)
FN:175,(anonymous_27)
FN:186,(anonymous_28)
FN:188,(anonymous_29)
FN:197,(anonymous_30)
FN:216,grabLast
FN:220,hasClass
FN:224,parseTag
FN:225,(anonymous_34)
FN:230,evaluate
FNF:35
FNH:1
FNDA:1,(anonymous_1)
FNDA:0,(anonymous_2)
FNDA:0,(anonymous_3)
FNDA:0,(anonymous_4)
FNDA:0,(anonymous_5)
FNDA:0,(anonymous_6)
FNDA:0,(anonymous_7)
FNDA:0,(anonymous_8)
FNDA:0,(anonymous_9)
FNDA:0,(anonymous_10)
FNDA:0,(anonymous_11)
FNDA:0,(anonymous_12)
FNDA:0,(anonymous_13)
FNDA:0,(anonymous_14)
FNDA:0,(anonymous_15)
FNDA:0,(anonymous_16)
FNDA:0,(anonymous_17)
FNDA:0,(anonymous_18)
FNDA:0,(anonymous_19)
FNDA:0,(anonymous_20)
FNDA:0,(anonymous_21)
FNDA:0,(anonymous_22)
FNDA:0,(anonymous_23)
FNDA:0,(anonymous_24)
FNDA:0,(anonymous_25)
FNDA:0,(anonymous_26)
FNDA:0,(anonymous_27)
FNDA:0,(anonymous_28)
FNDA:0,(anonymous_29)
FNDA:0,(anonymous_30)
FNDA:0,grabLast
FNDA:0,hasClass
FNDA:0,parseTag
FNDA:0,(anonymous_34)
FNDA:0,evaluate
DA:1,1
DA:3,1
DA:4,0
DA:7,1
DA:8,0
DA:9,0
DA:10,0
DA:11,0
DA:12,0
DA:13,0
DA:22,1
DA:23,0
DA:24,0
DA:25,0
DA:26,0
DA:27,0
DA:28,0
DA:29,0
DA:31,0
DA:33,0
DA:37,0
DA:40,1
DA:41,0
DA:42,0
DA:43,0
DA:44,0
DA:45,0
DA:46,0
DA:49,0
DA:53,0
DA:56,1
DA:57,0
DA:58,0
DA:59,0
DA:61,0
DA:65,0
DA:68,1
DA:69,0
DA:70,0
DA:71,0
DA:73,0
DA:77,0
DA:80,1
DA:81,0
DA:82,0
DA:83,0
DA:85,0
DA:89,0
DA:92,1
DA:93,0
DA:94,0
DA:95,0
DA:96,0
DA:97,0
DA:98,0
DA:101,0
DA:105,0
DA:108,1
DA:109,0
DA:110,0
DA:111,0
DA:112,0
DA:114,0
DA:115,0
DA:118,0
DA:122,0
DA:125,1
DA:126,0
DA:127,0
DA:128,0
DA:130,0
DA:134,0
DA:137,1
DA:138,0
DA:139,0
DA:140,0
DA:141,0
DA:143,0
DA:147,0
DA:150,1
DA:151,0
DA:152,0
DA:154,0
DA:158,0
DA:161,1
DA:162,0
DA:163,0
DA:164,0
DA:165,0
DA:167,0
DA:171,0
DA:174,1
DA:175,0
DA:176,0
DA:177,0
DA:179,0
DA:183,0
DA:186,1
DA:187,0
DA:188,0
DA:189,0
DA:191,0
DA:192,0
DA:194,0
DA:196,0
DA:197,0
DA:198,0
DA:199,0
DA:200,0
DA:203,0
DA:205,0
DA:207,0
DA:208,0
DA:213,0
DA:216,1
DA:217,0
DA:220,1
DA:221,0
DA:224,1
DA:225,0
DA:227,0
DA:230,1
DA:231,0
DA:233,0
DA:235,0
LF:125
LH:20
BRDA:26,1,0,0
BRDA:26,1,1,0
BRDA:28,2,0,0
BRDA:28,2,1,0
BRDA:44,3,0,0
BRDA:44,3,1,0
BRDA:45,4,0,0
BRDA:45,4,1,0
BRDA:96,5,0,0
BRDA:96,5,1,0
BRDA:111,6,0,0
BRDA:111,6,1,0
BRDA:189,7,0,0
BRDA:189,7,1,0
BRDA:189,7,2,0
BRDA:191,8,0,0
BRDA:191,8,1,0
BRDA:191,9,0,0
BRDA:191,9,1,0
BRDA:191,9,2,0
BRDA:196,10,0,0
BRDA:196,10,1,0
BRDA:231,11,0,0
BRDA:231,11,1,0
BRF:24
BRH:0
end_of_record
TN:
SF:/Users/jacky.chan/Projects/Trio/src/index.js
FN:15,(anonymous_1)
FNF:1
FNH:0
FNDA:0,(anonymous_1)
DA:1,1
DA:3,1
DA:15,1
DA:16,0
DA:19,1
DA:20,0
DA:22,1
LF:7
LH:5
BRDA:19,1,0,0
BRDA:19,1,1,1
BRDA:19,2,0,1
BRDA:19,2,1,1
BRF:4
BRH:3
end_of_record
